<?xml version="1.0" encoding="UTF-8"?>
<testsuite xmlns:xsi="http://www.w3.org/2001/XMLSchema-instance" xsi:noNamespaceSchemaLocation="https://maven.apache.org/surefire/maven-surefire-plugin/xsd/surefire-test-report-3.0.xsd" version="3.0" name="TestSuite" time="213.941" tests="54" errors="0" skipped="0" failures="0">
  <properties>
    <property name="java.specification.version" value="17"/>
    <property name="webdriver.chrome.driver" value="C:\Users\USER\.cache\selenium\chromedriver\win64\116.0.5845.96\chromedriver.exe"/>
    <property name="sun.cpu.isalist" value="amd64"/>
    <property name="sun.jnu.encoding" value="Cp1252"/>
    <property name="java.class.path" value="C:\Users\USER\First_automation_workspace\opencart\target\test-classes;C:\Users\USER\First_automation_workspace\opencart\target\classes;C:\Users\USER\.m2\repository\org\seleniumhq\selenium\selenium-manager\4.11.0\selenium-manager-4.11.0.jar;C:\Users\USER\.m2\repository\com\google\guava\guava\31.1-jre\guava-31.1-jre.jar;C:\Users\USER\.m2\repository\com\google\guava\failureaccess\1.0.1\failureaccess-1.0.1.jar;C:\Users\USER\.m2\repository\com\google\guava\listenablefuture\9999.0-empty-to-avoid-conflict-with-guava\listenablefuture-9999.0-empty-to-avoid-conflict-with-guava.jar;C:\Users\USER\.m2\repository\com\google\code\findbugs\jsr305\3.0.2\jsr305-3.0.2.jar;C:\Users\USER\.m2\repository\org\checkerframework\checker-qual\3.12.0\checker-qual-3.12.0.jar;C:\Users\USER\.m2\repository\com\google\errorprone\error_prone_annotations\2.11.0\error_prone_annotations-2.11.0.jar;C:\Users\USER\.m2\repository\com\google\j2objc\j2objc-annotations\1.3\j2objc-annotations-1.3.jar;C:\Users\USER\.m2\repository\org\seleniumhq\selenium\selenium-api\4.11.0\selenium-api-4.11.0.jar;C:\Users\USER\.m2\repository\org\seleniumhq\selenium\selenium-json\4.11.0\selenium-json-4.11.0.jar;C:\Users\USER\.m2\repository\org\seleniumhq\selenium\selenium-java\4.11.0\selenium-java-4.11.0.jar;C:\Users\USER\.m2\repository\org\seleniumhq\selenium\selenium-chrome-driver\4.11.0\selenium-chrome-driver-4.11.0.jar;C:\Users\USER\.m2\repository\com\google\auto\service\auto-service-annotations\1.0.1\auto-service-annotations-1.0.1.jar;C:\Users\USER\.m2\repository\org\seleniumhq\selenium\selenium-chromium-driver\4.11.0\selenium-chromium-driver-4.11.0.jar;C:\Users\USER\.m2\repository\org\seleniumhq\selenium\selenium-devtools-v113\4.11.0\selenium-devtools-v113-4.11.0.jar;C:\Users\USER\.m2\repository\org\seleniumhq\selenium\selenium-devtools-v114\4.11.0\selenium-devtools-v114-4.11.0.jar;C:\Users\USER\.m2\repository\org\seleniumhq\selenium\selenium-devtools-v115\4.11.0\selenium-devtools-v115-4.11.0.jar;C:\Users\USER\.m2\repository\org\seleniumhq\selenium\selenium-devtools-v85\4.11.0\selenium-devtools-v85-4.11.0.jar;C:\Users\USER\.m2\repository\org\seleniumhq\selenium\selenium-edge-driver\4.11.0\selenium-edge-driver-4.11.0.jar;C:\Users\USER\.m2\repository\org\seleniumhq\selenium\selenium-firefox-driver\4.11.0\selenium-firefox-driver-4.11.0.jar;C:\Users\USER\.m2\repository\org\seleniumhq\selenium\selenium-http\4.11.0\selenium-http-4.11.0.jar;C:\Users\USER\.m2\repository\dev\failsafe\failsafe\3.3.1\failsafe-3.3.1.jar;C:\Users\USER\.m2\repository\org\seleniumhq\selenium\selenium-ie-driver\4.11.0\selenium-ie-driver-4.11.0.jar;C:\Users\USER\.m2\repository\org\seleniumhq\selenium\selenium-remote-driver\4.11.0\selenium-remote-driver-4.11.0.jar;C:\Users\USER\.m2\repository\io\netty\netty-buffer\4.1.92.Final\netty-buffer-4.1.92.Final.jar;C:\Users\USER\.m2\repository\io\netty\netty-codec-http\4.1.92.Final\netty-codec-http-4.1.92.Final.jar;C:\Users\USER\.m2\repository\io\netty\netty-codec\4.1.92.Final\netty-codec-4.1.92.Final.jar;C:\Users\USER\.m2\repository\io\netty\netty-handler\4.1.92.Final\netty-handler-4.1.92.Final.jar;C:\Users\USER\.m2\repository\io\netty\netty-common\4.1.92.Final\netty-common-4.1.92.Final.jar;C:\Users\USER\.m2\repository\io\netty\netty-transport-classes-epoll\4.1.92.Final\netty-transport-classes-epoll-4.1.92.Final.jar;C:\Users\USER\.m2\repository\io\netty\netty-transport-classes-kqueue\4.1.92.Final\netty-transport-classes-kqueue-4.1.92.Final.jar;C:\Users\USER\.m2\repository\io\netty\netty-transport-native-epoll\4.1.92.Final\netty-transport-native-epoll-4.1.92.Final.jar;C:\Users\USER\.m2\repository\io\netty\netty-transport-native-kqueue\4.1.92.Final\netty-transport-native-kqueue-4.1.92.Final.jar;C:\Users\USER\.m2\repository\io\netty\netty-transport-native-unix-common\4.1.92.Final\netty-transport-native-unix-common-4.1.92.Final.jar;C:\Users\USER\.m2\repository\io\netty\netty-transport\4.1.92.Final\netty-transport-4.1.92.Final.jar;C:\Users\USER\.m2\repository\io\netty\netty-resolver\4.1.92.Final\netty-resolver-4.1.92.Final.jar;C:\Users\USER\.m2\repository\io\opentelemetry\opentelemetry-api\1.26.0\opentelemetry-api-1.26.0.jar;C:\Users\USER\.m2\repository\io\opentelemetry\opentelemetry-context\1.26.0\opentelemetry-context-1.26.0.jar;C:\Users\USER\.m2\repository\io\opentelemetry\opentelemetry-exporter-logging\1.26.0\opentelemetry-exporter-logging-1.26.0.jar;C:\Users\USER\.m2\repository\io\opentelemetry\opentelemetry-sdk-metrics\1.26.0\opentelemetry-sdk-metrics-1.26.0.jar;C:\Users\USER\.m2\repository\io\opentelemetry\opentelemetry-extension-incubator\1.26.0-alpha\opentelemetry-extension-incubator-1.26.0-alpha.jar;C:\Users\USER\.m2\repository\io\opentelemetry\opentelemetry-sdk-logs\1.26.0-alpha\opentelemetry-sdk-logs-1.26.0-alpha.jar;C:\Users\USER\.m2\repository\io\opentelemetry\opentelemetry-api-logs\1.26.0-alpha\opentelemetry-api-logs-1.26.0-alpha.jar;C:\Users\USER\.m2\repository\io\opentelemetry\opentelemetry-api-events\1.26.0-alpha\opentelemetry-api-events-1.26.0-alpha.jar;C:\Users\USER\.m2\repository\io\opentelemetry\opentelemetry-sdk-common\1.26.0\opentelemetry-sdk-common-1.26.0.jar;C:\Users\USER\.m2\repository\io\opentelemetry\opentelemetry-sdk-extension-autoconfigure-spi\1.26.0\opentelemetry-sdk-extension-autoconfigure-spi-1.26.0.jar;C:\Users\USER\.m2\repository\io\opentelemetry\opentelemetry-sdk-extension-autoconfigure\1.26.0-alpha\opentelemetry-sdk-extension-autoconfigure-1.26.0-alpha.jar;C:\Users\USER\.m2\repository\io\opentelemetry\opentelemetry-sdk-trace\1.26.0\opentelemetry-sdk-trace-1.26.0.jar;C:\Users\USER\.m2\repository\io\opentelemetry\opentelemetry-sdk\1.26.0\opentelemetry-sdk-1.26.0.jar;C:\Users\USER\.m2\repository\io\opentelemetry\opentelemetry-semconv\1.26.0-alpha\opentelemetry-semconv-1.26.0-alpha.jar;C:\Users\USER\.m2\repository\net\bytebuddy\byte-buddy\1.14.4\byte-buddy-1.14.4.jar;C:\Users\USER\.m2\repository\org\apache\commons\commons-exec\1.3\commons-exec-1.3.jar;C:\Users\USER\.m2\repository\org\asynchttpclient\async-http-client\2.12.3\async-http-client-2.12.3.jar;C:\Users\USER\.m2\repository\org\asynchttpclient\async-http-client-netty-utils\2.12.3\async-http-client-netty-utils-2.12.3.jar;C:\Users\USER\.m2\repository\io\netty\netty-codec-socks\4.1.60.Final\netty-codec-socks-4.1.60.Final.jar;C:\Users\USER\.m2\repository\io\netty\netty-handler-proxy\4.1.60.Final\netty-handler-proxy-4.1.60.Final.jar;C:\Users\USER\.m2\repository\io\netty\netty-transport-native-epoll\4.1.60.Final\netty-transport-native-epoll-4.1.60.Final-linux-x86_64.jar;C:\Users\USER\.m2\repository\io\netty\netty-transport-native-kqueue\4.1.60.Final\netty-transport-native-kqueue-4.1.60.Final-osx-x86_64.jar;C:\Users\USER\.m2\repository\org\reactivestreams\reactive-streams\1.0.3\reactive-streams-1.0.3.jar;C:\Users\USER\.m2\repository\com\typesafe\netty\netty-reactive-streams\2.0.4\netty-reactive-streams-2.0.4.jar;C:\Users\USER\.m2\repository\com\sun\activation\jakarta.activation\1.2.2\jakarta.activation-1.2.2.jar;C:\Users\USER\.m2\repository\org\seleniumhq\selenium\selenium-safari-driver\4.11.0\selenium-safari-driver-4.11.0.jar;C:\Users\USER\.m2\repository\org\seleniumhq\selenium\selenium-support\4.11.0\selenium-support-4.11.0.jar;C:\Users\USER\.m2\repository\org\testng\testng\7.8.0\testng-7.8.0.jar;C:\Users\USER\.m2\repository\org\slf4j\slf4j-api\1.7.36\slf4j-api-1.7.36.jar;C:\Users\USER\.m2\repository\com\beust\jcommander\1.82\jcommander-1.82.jar;C:\Users\USER\.m2\repository\org\webjars\jquery\3.6.1\jquery-3.6.1.jar;C:\Users\USER\.m2\repository\io\github\bonigarcia\webdrivermanager\5.5.2\webdrivermanager-5.5.2.jar;C:\Users\USER\.m2\repository\com\google\code\gson\gson\2.10.1\gson-2.10.1.jar;C:\Users\USER\.m2\repository\com\github\docker-java\docker-java\3.3.3\docker-java-3.3.3.jar;C:\Users\USER\.m2\repository\com\github\docker-java\docker-java-core\3.3.3\docker-java-core-3.3.3.jar;C:\Users\USER\.m2\repository\com\github\docker-java\docker-java-api\3.3.3\docker-java-api-3.3.3.jar;C:\Users\USER\.m2\repository\com\fasterxml\jackson\core\jackson-annotations\2.10.3\jackson-annotations-2.10.3.jar;C:\Users\USER\.m2\repository\commons-io\commons-io\2.6\commons-io-2.6.jar;C:\Users\USER\.m2\repository\org\apache\commons\commons-compress\1.21\commons-compress-1.21.jar;C:\Users\USER\.m2\repository\com\fasterxml\jackson\core\jackson-databind\2.10.3\jackson-databind-2.10.3.jar;C:\Users\USER\.m2\repository\com\fasterxml\jackson\core\jackson-core\2.10.3\jackson-core-2.10.3.jar;C:\Users\USER\.m2\repository\org\bouncycastle\bcpkix-jdk18on\1.75\bcpkix-jdk18on-1.75.jar;C:\Users\USER\.m2\repository\org\bouncycastle\bcprov-jdk18on\1.75\bcprov-jdk18on-1.75.jar;C:\Users\USER\.m2\repository\org\bouncycastle\bcutil-jdk18on\1.75\bcutil-jdk18on-1.75.jar;C:\Users\USER\.m2\repository\org\slf4j\jcl-over-slf4j\1.7.30\jcl-over-slf4j-1.7.30.jar;C:\Users\USER\.m2\repository\com\github\docker-java\docker-java-transport-httpclient5\3.3.3\docker-java-transport-httpclient5-3.3.3.jar;C:\Users\USER\.m2\repository\com\github\docker-java\docker-java-transport\3.3.3\docker-java-transport-3.3.3.jar;C:\Users\USER\.m2\repository\net\java\dev\jna\jna\5.12.1\jna-5.12.1.jar;C:\Users\USER\.m2\repository\org\brotli\dec\0.1.2\dec-0.1.2.jar;C:\Users\USER\.m2\repository\org\apache\commons\commons-lang3\3.13.0\commons-lang3-3.13.0.jar;C:\Users\USER\.m2\repository\org\apache\httpcomponents\client5\httpclient5\5.2.1\httpclient5-5.2.1.jar;C:\Users\USER\.m2\repository\org\apache\httpcomponents\core5\httpcore5\5.2\httpcore5-5.2.jar;C:\Users\USER\.m2\repository\org\apache\httpcomponents\core5\httpcore5-h2\5.2\httpcore5-h2-5.2.jar;C:\Users\USER\.m2\repository\io\qameta\allure\allure-testng\2.22.2\allure-testng-2.22.2.jar;C:\Users\USER\.m2\repository\io\qameta\allure\allure-java-commons\2.22.2\allure-java-commons-2.22.2.jar;C:\Users\USER\.m2\repository\io\qameta\allure\allure-model\2.22.2\allure-model-2.22.2.jar;C:\Users\USER\.m2\repository\io\qameta\allure\allure-test-filter\2.22.2\allure-test-filter-2.22.2.jar;C:\Users\USER\.m2\repository\org\apache\logging\log4j\log4j-core\2.11.1\log4j-core-2.11.1.jar;C:\Users\USER\.m2\repository\org\apache\logging\log4j\log4j-api\2.11.1\log4j-api-2.11.1.jar;"/>
    <property name="java.vm.vendor" value="Oracle Corporation"/>
    <property name="sun.arch.data.model" value="64"/>
    <property name="user.variant" value=""/>
    <property name="java.vendor.url" value="https://java.oracle.com/"/>
    <property name="user.timezone" value="Africa/Cairo"/>
    <property name="os.name" value="Windows 11"/>
    <property name="java.vm.specification.version" value="17"/>
    <property name="sun.java.launcher" value="SUN_STANDARD"/>
    <property name="user.country" value="US"/>
    <property name="sun.boot.library.path" value="C:\Program Files\Java\jdk-17\bin"/>
    <property name="sun.java.command" value="C:\Users\USER\AppData\Local\Temp\surefire17695337999411428255\surefirebooter-20230908143107853_3.jar C:\Users\USER\AppData\Local\Temp\surefire17695337999411428255 2023-09-08T14-31-07_733-jvmRun1 surefire-20230908143107853_1tmp surefire_0-20230908143107853_2tmp"/>
    <property name="jdk.debug" value="release"/>
    <property name="surefire.test.class.path" value="C:\Users\USER\First_automation_workspace\opencart\target\test-classes;C:\Users\USER\First_automation_workspace\opencart\target\classes;C:\Users\USER\.m2\repository\org\seleniumhq\selenium\selenium-manager\4.11.0\selenium-manager-4.11.0.jar;C:\Users\USER\.m2\repository\com\google\guava\guava\31.1-jre\guava-31.1-jre.jar;C:\Users\USER\.m2\repository\com\google\guava\failureaccess\1.0.1\failureaccess-1.0.1.jar;C:\Users\USER\.m2\repository\com\google\guava\listenablefuture\9999.0-empty-to-avoid-conflict-with-guava\listenablefuture-9999.0-empty-to-avoid-conflict-with-guava.jar;C:\Users\USER\.m2\repository\com\google\code\findbugs\jsr305\3.0.2\jsr305-3.0.2.jar;C:\Users\USER\.m2\repository\org\checkerframework\checker-qual\3.12.0\checker-qual-3.12.0.jar;C:\Users\USER\.m2\repository\com\google\errorprone\error_prone_annotations\2.11.0\error_prone_annotations-2.11.0.jar;C:\Users\USER\.m2\repository\com\google\j2objc\j2objc-annotations\1.3\j2objc-annotations-1.3.jar;C:\Users\USER\.m2\repository\org\seleniumhq\selenium\selenium-api\4.11.0\selenium-api-4.11.0.jar;C:\Users\USER\.m2\repository\org\seleniumhq\selenium\selenium-json\4.11.0\selenium-json-4.11.0.jar;C:\Users\USER\.m2\repository\org\seleniumhq\selenium\selenium-java\4.11.0\selenium-java-4.11.0.jar;C:\Users\USER\.m2\repository\org\seleniumhq\selenium\selenium-chrome-driver\4.11.0\selenium-chrome-driver-4.11.0.jar;C:\Users\USER\.m2\repository\com\google\auto\service\auto-service-annotations\1.0.1\auto-service-annotations-1.0.1.jar;C:\Users\USER\.m2\repository\org\seleniumhq\selenium\selenium-chromium-driver\4.11.0\selenium-chromium-driver-4.11.0.jar;C:\Users\USER\.m2\repository\org\seleniumhq\selenium\selenium-devtools-v113\4.11.0\selenium-devtools-v113-4.11.0.jar;C:\Users\USER\.m2\repository\org\seleniumhq\selenium\selenium-devtools-v114\4.11.0\selenium-devtools-v114-4.11.0.jar;C:\Users\USER\.m2\repository\org\seleniumhq\selenium\selenium-devtools-v115\4.11.0\selenium-devtools-v115-4.11.0.jar;C:\Users\USER\.m2\repository\org\seleniumhq\selenium\selenium-devtools-v85\4.11.0\selenium-devtools-v85-4.11.0.jar;C:\Users\USER\.m2\repository\org\seleniumhq\selenium\selenium-edge-driver\4.11.0\selenium-edge-driver-4.11.0.jar;C:\Users\USER\.m2\repository\org\seleniumhq\selenium\selenium-firefox-driver\4.11.0\selenium-firefox-driver-4.11.0.jar;C:\Users\USER\.m2\repository\org\seleniumhq\selenium\selenium-http\4.11.0\selenium-http-4.11.0.jar;C:\Users\USER\.m2\repository\dev\failsafe\failsafe\3.3.1\failsafe-3.3.1.jar;C:\Users\USER\.m2\repository\org\seleniumhq\selenium\selenium-ie-driver\4.11.0\selenium-ie-driver-4.11.0.jar;C:\Users\USER\.m2\repository\org\seleniumhq\selenium\selenium-remote-driver\4.11.0\selenium-remote-driver-4.11.0.jar;C:\Users\USER\.m2\repository\io\netty\netty-buffer\4.1.92.Final\netty-buffer-4.1.92.Final.jar;C:\Users\USER\.m2\repository\io\netty\netty-codec-http\4.1.92.Final\netty-codec-http-4.1.92.Final.jar;C:\Users\USER\.m2\repository\io\netty\netty-codec\4.1.92.Final\netty-codec-4.1.92.Final.jar;C:\Users\USER\.m2\repository\io\netty\netty-handler\4.1.92.Final\netty-handler-4.1.92.Final.jar;C:\Users\USER\.m2\repository\io\netty\netty-common\4.1.92.Final\netty-common-4.1.92.Final.jar;C:\Users\USER\.m2\repository\io\netty\netty-transport-classes-epoll\4.1.92.Final\netty-transport-classes-epoll-4.1.92.Final.jar;C:\Users\USER\.m2\repository\io\netty\netty-transport-classes-kqueue\4.1.92.Final\netty-transport-classes-kqueue-4.1.92.Final.jar;C:\Users\USER\.m2\repository\io\netty\netty-transport-native-epoll\4.1.92.Final\netty-transport-native-epoll-4.1.92.Final.jar;C:\Users\USER\.m2\repository\io\netty\netty-transport-native-kqueue\4.1.92.Final\netty-transport-native-kqueue-4.1.92.Final.jar;C:\Users\USER\.m2\repository\io\netty\netty-transport-native-unix-common\4.1.92.Final\netty-transport-native-unix-common-4.1.92.Final.jar;C:\Users\USER\.m2\repository\io\netty\netty-transport\4.1.92.Final\netty-transport-4.1.92.Final.jar;C:\Users\USER\.m2\repository\io\netty\netty-resolver\4.1.92.Final\netty-resolver-4.1.92.Final.jar;C:\Users\USER\.m2\repository\io\opentelemetry\opentelemetry-api\1.26.0\opentelemetry-api-1.26.0.jar;C:\Users\USER\.m2\repository\io\opentelemetry\opentelemetry-context\1.26.0\opentelemetry-context-1.26.0.jar;C:\Users\USER\.m2\repository\io\opentelemetry\opentelemetry-exporter-logging\1.26.0\opentelemetry-exporter-logging-1.26.0.jar;C:\Users\USER\.m2\repository\io\opentelemetry\opentelemetry-sdk-metrics\1.26.0\opentelemetry-sdk-metrics-1.26.0.jar;C:\Users\USER\.m2\repository\io\opentelemetry\opentelemetry-extension-incubator\1.26.0-alpha\opentelemetry-extension-incubator-1.26.0-alpha.jar;C:\Users\USER\.m2\repository\io\opentelemetry\opentelemetry-sdk-logs\1.26.0-alpha\opentelemetry-sdk-logs-1.26.0-alpha.jar;C:\Users\USER\.m2\repository\io\opentelemetry\opentelemetry-api-logs\1.26.0-alpha\opentelemetry-api-logs-1.26.0-alpha.jar;C:\Users\USER\.m2\repository\io\opentelemetry\opentelemetry-api-events\1.26.0-alpha\opentelemetry-api-events-1.26.0-alpha.jar;C:\Users\USER\.m2\repository\io\opentelemetry\opentelemetry-sdk-common\1.26.0\opentelemetry-sdk-common-1.26.0.jar;C:\Users\USER\.m2\repository\io\opentelemetry\opentelemetry-sdk-extension-autoconfigure-spi\1.26.0\opentelemetry-sdk-extension-autoconfigure-spi-1.26.0.jar;C:\Users\USER\.m2\repository\io\opentelemetry\opentelemetry-sdk-extension-autoconfigure\1.26.0-alpha\opentelemetry-sdk-extension-autoconfigure-1.26.0-alpha.jar;C:\Users\USER\.m2\repository\io\opentelemetry\opentelemetry-sdk-trace\1.26.0\opentelemetry-sdk-trace-1.26.0.jar;C:\Users\USER\.m2\repository\io\opentelemetry\opentelemetry-sdk\1.26.0\opentelemetry-sdk-1.26.0.jar;C:\Users\USER\.m2\repository\io\opentelemetry\opentelemetry-semconv\1.26.0-alpha\opentelemetry-semconv-1.26.0-alpha.jar;C:\Users\USER\.m2\repository\net\bytebuddy\byte-buddy\1.14.4\byte-buddy-1.14.4.jar;C:\Users\USER\.m2\repository\org\apache\commons\commons-exec\1.3\commons-exec-1.3.jar;C:\Users\USER\.m2\repository\org\asynchttpclient\async-http-client\2.12.3\async-http-client-2.12.3.jar;C:\Users\USER\.m2\repository\org\asynchttpclient\async-http-client-netty-utils\2.12.3\async-http-client-netty-utils-2.12.3.jar;C:\Users\USER\.m2\repository\io\netty\netty-codec-socks\4.1.60.Final\netty-codec-socks-4.1.60.Final.jar;C:\Users\USER\.m2\repository\io\netty\netty-handler-proxy\4.1.60.Final\netty-handler-proxy-4.1.60.Final.jar;C:\Users\USER\.m2\repository\io\netty\netty-transport-native-epoll\4.1.60.Final\netty-transport-native-epoll-4.1.60.Final-linux-x86_64.jar;C:\Users\USER\.m2\repository\io\netty\netty-transport-native-kqueue\4.1.60.Final\netty-transport-native-kqueue-4.1.60.Final-osx-x86_64.jar;C:\Users\USER\.m2\repository\org\reactivestreams\reactive-streams\1.0.3\reactive-streams-1.0.3.jar;C:\Users\USER\.m2\repository\com\typesafe\netty\netty-reactive-streams\2.0.4\netty-reactive-streams-2.0.4.jar;C:\Users\USER\.m2\repository\com\sun\activation\jakarta.activation\1.2.2\jakarta.activation-1.2.2.jar;C:\Users\USER\.m2\repository\org\seleniumhq\selenium\selenium-safari-driver\4.11.0\selenium-safari-driver-4.11.0.jar;C:\Users\USER\.m2\repository\org\seleniumhq\selenium\selenium-support\4.11.0\selenium-support-4.11.0.jar;C:\Users\USER\.m2\repository\org\testng\testng\7.8.0\testng-7.8.0.jar;C:\Users\USER\.m2\repository\org\slf4j\slf4j-api\1.7.36\slf4j-api-1.7.36.jar;C:\Users\USER\.m2\repository\com\beust\jcommander\1.82\jcommander-1.82.jar;C:\Users\USER\.m2\repository\org\webjars\jquery\3.6.1\jquery-3.6.1.jar;C:\Users\USER\.m2\repository\io\github\bonigarcia\webdrivermanager\5.5.2\webdrivermanager-5.5.2.jar;C:\Users\USER\.m2\repository\com\google\code\gson\gson\2.10.1\gson-2.10.1.jar;C:\Users\USER\.m2\repository\com\github\docker-java\docker-java\3.3.3\docker-java-3.3.3.jar;C:\Users\USER\.m2\repository\com\github\docker-java\docker-java-core\3.3.3\docker-java-core-3.3.3.jar;C:\Users\USER\.m2\repository\com\github\docker-java\docker-java-api\3.3.3\docker-java-api-3.3.3.jar;C:\Users\USER\.m2\repository\com\fasterxml\jackson\core\jackson-annotations\2.10.3\jackson-annotations-2.10.3.jar;C:\Users\USER\.m2\repository\commons-io\commons-io\2.6\commons-io-2.6.jar;C:\Users\USER\.m2\repository\org\apache\commons\commons-compress\1.21\commons-compress-1.21.jar;C:\Users\USER\.m2\repository\com\fasterxml\jackson\core\jackson-databind\2.10.3\jackson-databind-2.10.3.jar;C:\Users\USER\.m2\repository\com\fasterxml\jackson\core\jackson-core\2.10.3\jackson-core-2.10.3.jar;C:\Users\USER\.m2\repository\org\bouncycastle\bcpkix-jdk18on\1.75\bcpkix-jdk18on-1.75.jar;C:\Users\USER\.m2\repository\org\bouncycastle\bcprov-jdk18on\1.75\bcprov-jdk18on-1.75.jar;C:\Users\USER\.m2\repository\org\bouncycastle\bcutil-jdk18on\1.75\bcutil-jdk18on-1.75.jar;C:\Users\USER\.m2\repository\org\slf4j\jcl-over-slf4j\1.7.30\jcl-over-slf4j-1.7.30.jar;C:\Users\USER\.m2\repository\com\github\docker-java\docker-java-transport-httpclient5\3.3.3\docker-java-transport-httpclient5-3.3.3.jar;C:\Users\USER\.m2\repository\com\github\docker-java\docker-java-transport\3.3.3\docker-java-transport-3.3.3.jar;C:\Users\USER\.m2\repository\net\java\dev\jna\jna\5.12.1\jna-5.12.1.jar;C:\Users\USER\.m2\repository\org\brotli\dec\0.1.2\dec-0.1.2.jar;C:\Users\USER\.m2\repository\org\apache\commons\commons-lang3\3.13.0\commons-lang3-3.13.0.jar;C:\Users\USER\.m2\repository\org\apache\httpcomponents\client5\httpclient5\5.2.1\httpclient5-5.2.1.jar;C:\Users\USER\.m2\repository\org\apache\httpcomponents\core5\httpcore5\5.2\httpcore5-5.2.jar;C:\Users\USER\.m2\repository\org\apache\httpcomponents\core5\httpcore5-h2\5.2\httpcore5-h2-5.2.jar;C:\Users\USER\.m2\repository\io\qameta\allure\allure-testng\2.22.2\allure-testng-2.22.2.jar;C:\Users\USER\.m2\repository\io\qameta\allure\allure-java-commons\2.22.2\allure-java-commons-2.22.2.jar;C:\Users\USER\.m2\repository\io\qameta\allure\allure-model\2.22.2\allure-model-2.22.2.jar;C:\Users\USER\.m2\repository\io\qameta\allure\allure-test-filter\2.22.2\allure-test-filter-2.22.2.jar;C:\Users\USER\.m2\repository\org\apache\logging\log4j\log4j-core\2.11.1\log4j-core-2.11.1.jar;C:\Users\USER\.m2\repository\org\apache\logging\log4j\log4j-api\2.11.1\log4j-api-2.11.1.jar;"/>
    <property name="sun.cpu.endian" value="little"/>
    <property name="user.home" value="C:\Users\USER"/>
    <property name="user.language" value="en"/>
    <property name="java.specification.vendor" value="Oracle Corporation"/>
    <property name="java.version.date" value="2023-01-17"/>
    <property name="java.home" value="C:\Program Files\Java\jdk-17"/>
    <property name="file.separator" value="\"/>
    <property name="basedir" value="C:\Users\USER\First_automation_workspace\opencart"/>
    <property name="java.vm.compressedOopsMode" value="Zero based"/>
    <property name="line.separator" value="&#10;"/>
    <property name="java.vm.specification.vendor" value="Oracle Corporation"/>
    <property name="java.specification.name" value="Java Platform API Specification"/>
    <property name="surefire.real.class.path" value="C:\Users\USER\AppData\Local\Temp\surefire17695337999411428255\surefirebooter-20230908143107853_3.jar"/>
    <property name="user.script" value=""/>
    <property name="sun.management.compiler" value="HotSpot 64-Bit Tiered Compilers"/>
    <property name="java.runtime.version" value="17.0.6+9-LTS-190"/>
    <property name="webdriver.edge.driver" value="C:\Users\USER\.cache\selenium\msedgedriver\win64\116.0.1938.69\msedgedriver.exe"/>
    <property name="user.name" value="USER"/>
    <property name="path.separator" value=";"/>
    <property name="os.version" value="10.0"/>
    <property name="java.runtime.name" value="Java(TM) SE Runtime Environment"/>
    <property name="file.encoding" value="Cp1252"/>
    <property name="java.vm.name" value="Java HotSpot(TM) 64-Bit Server VM"/>
    <property name="localRepository" value="C:\Users\USER\.m2\repository"/>
    <property name="java.vendor.url.bug" value="https://bugreport.java.com/bugreport/"/>
    <property name="java.io.tmpdir" value="C:\Users\USER\AppData\Local\Temp\"/>
    <property name="java.version" value="17.0.6"/>
    <property name="user.dir" value="C:\Users\USER\First_automation_workspace\opencart"/>
    <property name="os.arch" value="amd64"/>
    <property name="webdriver.gecko.driver" value="C:\Users\USER\.cache\selenium\geckodriver\win64\0.33.0\geckodriver.exe"/>
    <property name="java.vm.specification.name" value="Java Virtual Machine Specification"/>
    <property name="sun.os.patch.level" value=""/>
    <property name="native.encoding" value="Cp1252"/>
    <property name="java.library.path" value="C:\Program Files\Java\jdk-17\bin;C:\WINDOWS\Sun\Java\bin;C:\WINDOWS\system32;C:\WINDOWS;C:\Program Files\Microsoft MPI\Bin\;C:\Windows\system32;C:\Windows;C:\Windows\System32\Wbem;C:\Windows\System32\WindowsPowerShell\v1.0\;C:\Windows\System32\OpenSSH\;C:\Program Files (x86)\NVIDIA Corporation\PhysX\Common;C:\Program Files\NVIDIA Corporation\NVIDIA NvDLISR;C:\Program Files\dotnet\;C:\WINDOWS\system32;C:\WINDOWS;C:\WINDOWS\System32\Wbem;C:\WINDOWS\System32\WindowsPowerShell\v1.0\;C:\WINDOWS\System32\OpenSSH\;C:\Users\USER\Desktop\Carrer\GitHub\Git\cmd;C:\Program Files\nodejs\;C:\Program Files\Java\jdk-17\bin;C:\Program Files (x86)\Microsoft SQL Server\160\DTS\Binn\;C:\Program Files\Azure Data Studio\bin;C:\Program Files (x86)\Microsoft SQL Server\160\Tools\Binn\;C:\Program Files\Microsoft SQL Server\160\Tools\Binn\;C:\Program Files\Microsoft SQL Server\Client SDK\ODBC\170\Tools\Binn\;C:\Program Files\Microsoft SQL Server\160\DTS\Binn\;C:\Users\USER\AppData\Local\Microsoft\WindowsApps;C:\Users\USER\AppData\Local\GitHubDesktop\bin;C:\Users\USER\Desktop\Carrer\Testing\allure\allure-2.22.0\bin;C:\Users\USER\Desktop\Carrer\Testing\maven\apache-maven-3.9.1\bin;C:\Users\USER\AppData\Roaming\npm;G:\programs\allure\allure-2.9.0\bin;C:\Program Files\JetBrains\IntelliJ IDEA 2023.1.3\bin;C:\Users\USER\AppData\Local\Programs\Microsoft VS Code\bin;."/>
    <property name="java.vm.info" value="mixed mode, sharing"/>
    <property name="java.vendor" value="Oracle Corporation"/>
    <property name="java.vm.version" value="17.0.6+9-LTS-190"/>
    <property name="sun.io.unicode.encoding" value="UnicodeLittle"/>
    <property name="java.class.version" value="61.0"/>
  </properties>
  <testcase name="checking_desktops_sublink" classname="tests.HomePageTests" time="1.974">
    <system-out><![CDATA[2023-09-08 14:31:13 INFO  base.SetupDriver.setupDriver(SetupDriver.java:40):40 - start chrome browser and add it to safe thread
2023-09-08 14:31:14 INFO  pageObjects.HomePage.navigation(HomePage.java:138):138 - navigate to website
2023-09-08 14:31:14 INFO  pageObjects.HomePage.clicking_desktop_link(HomePage.java:172):172 - clicking desktop link
2023-09-08 14:31:15 INFO  pageObjects.HomePage.clicking_sublinks(HomePage.java:239):239 - click navigation bar sublinks
]]></system-out>
    <system-err><![CDATA[SLF4J: Failed to load class "org.slf4j.impl.StaticLoggerBinder".
SLF4J: Defaulting to no-operation (NOP) logger implementation
SLF4J: See http://www.slf4j.org/codes.html#StaticLoggerBinder for further details.
Sep 08, 2023 2:31:13 PM org.openqa.selenium.devtools.CdpVersionFinder findNearestMatch
WARNING: Unable to find an exact match for CDP version 116, so returning the closest version found: 115
]]></system-err>
  </testcase>
  <testcase name="checking_desktops_sublink" classname="tests.HomePageTests" time="1.807">
    <system-out><![CDATA[2023-09-08 14:32:05 INFO  base.SetupDriver.closeBrowser(SetupDriver.java:73):73 - close browser and remove the safe thread
2023-09-08 14:32:08 INFO  base.SetupDriver.setupDriver(SetupDriver.java:46):46 - start firefox browser and add it to safe thread
2023-09-08 14:32:09 INFO  pageObjects.HomePage.navigation(HomePage.java:138):138 - navigate to website
2023-09-08 14:32:09 INFO  pageObjects.HomePage.clicking_desktop_link(HomePage.java:172):172 - clicking desktop link
2023-09-08 14:32:09 INFO  pageObjects.HomePage.clicking_sublinks(HomePage.java:239):239 - click navigation bar sublinks
]]></system-out>
  </testcase>
  <testcase name="checking_desktops_sublink" classname="tests.HomePageTests" time="3.456">
    <system-out><![CDATA[2023-09-08 14:33:36 INFO  base.SetupDriver.closeBrowser(SetupDriver.java:73):73 - close browser and remove the safe thread
2023-09-08 14:33:37 INFO  base.SetupDriver.setupDriver(SetupDriver.java:56):56 - start edge browser and add it to safe thread
2023-09-08 14:33:39 INFO  pageObjects.HomePage.navigation(HomePage.java:138):138 - navigate to website
2023-09-08 14:33:39 INFO  pageObjects.HomePage.clicking_desktop_link(HomePage.java:172):172 - clicking desktop link
2023-09-08 14:33:41 INFO  pageObjects.HomePage.clicking_sublinks(HomePage.java:239):239 - click navigation bar sublinks
]]></system-out>
    <system-err><![CDATA[Sep 08, 2023 2:33:37 PM org.openqa.selenium.devtools.CdpVersionFinder findNearestMatch
WARNING: Unable to find an exact match for CDP version 116, so returning the closest version found: 115
]]></system-err>
  </testcase>
  <testcase name="checking_next_page_aarow" classname="tests.HomePageTests" time="1.786">
    <system-out><![CDATA[2023-09-08 14:31:15 INFO  base.SetupDriver.closeBrowser(SetupDriver.java:73):73 - close browser and remove the safe thread
2023-09-08 14:31:16 INFO  base.SetupDriver.setupDriver(SetupDriver.java:40):40 - start chrome browser and add it to safe thread
2023-09-08 14:31:17 INFO  pageObjects.HomePage.navigation(HomePage.java:138):138 - navigate to website
2023-09-08 14:31:17 INFO  pageObjects.HomePage.clicking_next_pic_top_banner(HomePage.java:52):52 - click next pic top banner arrow
2023-09-08 14:31:17 INFO  pageObjects.HomePage.clicking_previous_pic_top_banner(HomePage.java:59):59 - click previous pic top banner
2023-09-08 14:31:17 INFO  pageObjects.HomePage.clicking_next_pic_top_banner(HomePage.java:52):52 - click next pic top banner arrow
]]></system-out>
    <system-err><![CDATA[Sep 08, 2023 2:31:15 PM org.openqa.selenium.remote.http.WebSocket$Listener onError
WARNING: Connection reset
java.net.SocketException: Connection reset
	at java.base/sun.nio.ch.SocketChannelImpl.throwConnectionReset(SocketChannelImpl.java:394)
	at java.base/sun.nio.ch.SocketChannelImpl.read(SocketChannelImpl.java:426)
	at io.netty.buffer.PooledByteBuf.setBytes(PooledByteBuf.java:256)
	at io.netty.buffer.AbstractByteBuf.writeBytes(AbstractByteBuf.java:1132)
	at io.netty.channel.socket.nio.NioSocketChannel.doReadBytes(NioSocketChannel.java:357)
	at io.netty.channel.nio.AbstractNioByteChannel$NioByteUnsafe.read(AbstractNioByteChannel.java:151)
	at io.netty.channel.nio.NioEventLoop.processSelectedKey(NioEventLoop.java:788)
	at io.netty.channel.nio.NioEventLoop.processSelectedKeysOptimized(NioEventLoop.java:724)
	at io.netty.channel.nio.NioEventLoop.processSelectedKeys(NioEventLoop.java:650)
	at io.netty.channel.nio.NioEventLoop.run(NioEventLoop.java:562)
	at io.netty.util.concurrent.SingleThreadEventExecutor$4.run(SingleThreadEventExecutor.java:997)
	at io.netty.util.internal.ThreadExecutorMap$2.run(ThreadExecutorMap.java:74)
	at io.netty.util.concurrent.FastThreadLocalRunnable.run(FastThreadLocalRunnable.java:30)
	at java.base/java.lang.Thread.run(Thread.java:833)

Sep 08, 2023 2:31:16 PM org.openqa.selenium.devtools.CdpVersionFinder findNearestMatch
WARNING: Unable to find an exact match for CDP version 116, so returning the closest version found: 115
]]></system-err>
  </testcase>
  <testcase name="checking_next_page_aarow" classname="tests.HomePageTests" time="1.671">
    <system-out><![CDATA[2023-09-08 14:32:10 INFO  base.SetupDriver.closeBrowser(SetupDriver.java:73):73 - close browser and remove the safe thread
2023-09-08 14:32:12 INFO  base.SetupDriver.setupDriver(SetupDriver.java:46):46 - start firefox browser and add it to safe thread
2023-09-08 14:32:13 INFO  pageObjects.HomePage.navigation(HomePage.java:138):138 - navigate to website
2023-09-08 14:32:14 INFO  pageObjects.HomePage.clicking_next_pic_top_banner(HomePage.java:52):52 - click next pic top banner arrow
2023-09-08 14:32:14 INFO  pageObjects.HomePage.clicking_previous_pic_top_banner(HomePage.java:59):59 - click previous pic top banner
2023-09-08 14:32:14 INFO  pageObjects.HomePage.clicking_next_pic_top_banner(HomePage.java:52):52 - click next pic top banner arrow
]]></system-out>
  </testcase>
  <testcase name="checking_next_page_aarow" classname="tests.HomePageTests" time="1.609">
    <system-out><![CDATA[2023-09-08 14:33:41 INFO  base.SetupDriver.closeBrowser(SetupDriver.java:73):73 - close browser and remove the safe thread
2023-09-08 14:33:42 INFO  base.SetupDriver.setupDriver(SetupDriver.java:56):56 - start edge browser and add it to safe thread
2023-09-08 14:33:43 INFO  pageObjects.HomePage.navigation(HomePage.java:138):138 - navigate to website
2023-09-08 14:33:43 INFO  pageObjects.HomePage.clicking_next_pic_top_banner(HomePage.java:52):52 - click next pic top banner arrow
2023-09-08 14:33:43 INFO  pageObjects.HomePage.clicking_previous_pic_top_banner(HomePage.java:59):59 - click previous pic top banner
2023-09-08 14:33:43 INFO  pageObjects.HomePage.clicking_next_pic_top_banner(HomePage.java:52):52 - click next pic top banner arrow
]]></system-out>
    <system-err><![CDATA[Sep 08, 2023 2:33:42 PM org.openqa.selenium.devtools.CdpVersionFinder findNearestMatch
WARNING: Unable to find an exact match for CDP version 116, so returning the closest version found: 115
]]></system-err>
  </testcase>
  <testcase name="checking_tablets_link" classname="tests.HomePageTests" time="1.616">
    <system-out><![CDATA[2023-09-08 14:31:18 INFO  base.SetupDriver.closeBrowser(SetupDriver.java:73):73 - close browser and remove the safe thread
2023-09-08 14:31:18 INFO  base.SetupDriver.setupDriver(SetupDriver.java:40):40 - start chrome browser and add it to safe thread
2023-09-08 14:31:19 INFO  pageObjects.HomePage.navigation(HomePage.java:138):138 - navigate to website
2023-09-08 14:31:20 INFO  pageObjects.HomePage.clicking_tablets_link(HomePage.java:179):179 - clicking tablets link
]]></system-out>
    <system-err><![CDATA[Sep 08, 2023 2:31:18 PM org.openqa.selenium.devtools.CdpVersionFinder findNearestMatch
WARNING: Unable to find an exact match for CDP version 116, so returning the closest version found: 115
]]></system-err>
  </testcase>
  <testcase name="checking_tablets_link" classname="tests.HomePageTests" time="1.765">
    <system-out><![CDATA[2023-09-08 14:32:15 INFO  base.SetupDriver.closeBrowser(SetupDriver.java:73):73 - close browser and remove the safe thread
2023-09-08 14:32:17 INFO  base.SetupDriver.setupDriver(SetupDriver.java:46):46 - start firefox browser and add it to safe thread
2023-09-08 14:32:18 INFO  pageObjects.HomePage.navigation(HomePage.java:138):138 - navigate to website
2023-09-08 14:32:18 INFO  pageObjects.HomePage.clicking_tablets_link(HomePage.java:179):179 - clicking tablets link
]]></system-out>
  </testcase>
  <testcase name="checking_tablets_link" classname="tests.HomePageTests" time="1.773">
    <system-out><![CDATA[2023-09-08 14:33:43 INFO  base.SetupDriver.closeBrowser(SetupDriver.java:73):73 - close browser and remove the safe thread
2023-09-08 14:33:44 INFO  base.SetupDriver.setupDriver(SetupDriver.java:56):56 - start edge browser and add it to safe thread
2023-09-08 14:33:45 INFO  pageObjects.HomePage.navigation(HomePage.java:138):138 - navigate to website
2023-09-08 14:33:46 INFO  pageObjects.HomePage.clicking_tablets_link(HomePage.java:179):179 - clicking tablets link
]]></system-out>
    <system-err><![CDATA[Sep 08, 2023 2:33:44 PM org.openqa.selenium.devtools.CdpVersionFinder findNearestMatch
WARNING: Unable to find an exact match for CDP version 116, so returning the closest version found: 115
]]></system-err>
  </testcase>
  <testcase name="change_quantity" classname="tests.InternalProductPageTests" time="2.525">
    <system-out><![CDATA[2023-09-08 14:31:20 INFO  base.SetupDriver.closeBrowser(SetupDriver.java:73):73 - close browser and remove the safe thread
2023-09-08 14:31:21 INFO  base.SetupDriver.setupDriver(SetupDriver.java:40):40 - start chrome browser and add it to safe thread
2023-09-08 14:31:22 INFO  pageObjects.HomePage.navigation(HomePage.java:138):138 - navigate to website
2023-09-08 14:31:22 INFO  pageObjects.HomePage.clicking_tablets_link(HomePage.java:179):179 - clicking tablets link
2023-09-08 14:31:23 INFO  pageObjects.Inventory.clicking_products_title(Inventory.java:171):171 - click product title
2023-09-08 14:31:23 INFO  pageObjects.ProductInternalPage.typing_quantity(ProductInternalPage.java:102):102 - typing quantity: 3
]]></system-out>
    <system-err><![CDATA[Sep 08, 2023 2:31:21 PM org.openqa.selenium.devtools.CdpVersionFinder findNearestMatch
WARNING: Unable to find an exact match for CDP version 116, so returning the closest version found: 115
]]></system-err>
  </testcase>
  <testcase name="change_quantity" classname="tests.InternalProductPageTests" time="2.245">
    <system-out><![CDATA[2023-09-08 14:32:19 INFO  base.SetupDriver.closeBrowser(SetupDriver.java:73):73 - close browser and remove the safe thread
2023-09-08 14:32:22 INFO  base.SetupDriver.setupDriver(SetupDriver.java:46):46 - start firefox browser and add it to safe thread
2023-09-08 14:32:23 INFO  pageObjects.HomePage.navigation(HomePage.java:138):138 - navigate to website
2023-09-08 14:32:23 INFO  pageObjects.HomePage.clicking_tablets_link(HomePage.java:179):179 - clicking tablets link
2023-09-08 14:32:23 INFO  pageObjects.Inventory.clicking_products_title(Inventory.java:171):171 - click product title
2023-09-08 14:32:24 INFO  pageObjects.ProductInternalPage.typing_quantity(ProductInternalPage.java:102):102 - typing quantity: 3
]]></system-out>
  </testcase>
  <testcase name="change_quantity" classname="tests.InternalProductPageTests" time="3.137">
    <system-out><![CDATA[2023-09-08 14:33:46 INFO  base.SetupDriver.closeBrowser(SetupDriver.java:73):73 - close browser and remove the safe thread
2023-09-08 14:33:47 INFO  base.SetupDriver.setupDriver(SetupDriver.java:56):56 - start edge browser and add it to safe thread
2023-09-08 14:33:48 INFO  pageObjects.HomePage.navigation(HomePage.java:138):138 - navigate to website
2023-09-08 14:33:48 INFO  pageObjects.HomePage.clicking_tablets_link(HomePage.java:179):179 - clicking tablets link
2023-09-08 14:33:50 INFO  pageObjects.Inventory.clicking_products_title(Inventory.java:171):171 - click product title
2023-09-08 14:33:50 INFO  pageObjects.ProductInternalPage.typing_quantity(ProductInternalPage.java:102):102 - typing quantity: 3
]]></system-out>
    <system-err><![CDATA[Sep 08, 2023 2:33:47 PM org.openqa.selenium.devtools.CdpVersionFinder findNearestMatch
WARNING: Unable to find an exact match for CDP version 116, so returning the closest version found: 115
]]></system-err>
  </testcase>
  <testcase name="product_add_to_cart" classname="tests.InternalProductPageTests" time="2.59">
    <system-out><![CDATA[2023-09-08 14:31:23 INFO  base.SetupDriver.closeBrowser(SetupDriver.java:73):73 - close browser and remove the safe thread
2023-09-08 14:31:24 INFO  base.SetupDriver.setupDriver(SetupDriver.java:40):40 - start chrome browser and add it to safe thread
2023-09-08 14:31:25 INFO  pageObjects.HomePage.navigation(HomePage.java:138):138 - navigate to website
2023-09-08 14:31:26 INFO  pageObjects.HomePage.clicking_tablets_link(HomePage.java:179):179 - clicking tablets link
2023-09-08 14:31:27 INFO  pageObjects.Inventory.clicking_products_title(Inventory.java:171):171 - click product title
2023-09-08 14:31:27 INFO  pageObjects.ProductInternalPage.clicking_add_to_cart(ProductInternalPage.java:53):53 - click on add to cart
]]></system-out>
    <system-err><![CDATA[Sep 08, 2023 2:31:24 PM org.openqa.selenium.devtools.CdpVersionFinder findNearestMatch
WARNING: Unable to find an exact match for CDP version 116, so returning the closest version found: 115
]]></system-err>
  </testcase>
  <testcase name="product_add_to_cart" classname="tests.InternalProductPageTests" time="2.851">
    <system-out><![CDATA[2023-09-08 14:32:24 INFO  base.SetupDriver.closeBrowser(SetupDriver.java:73):73 - close browser and remove the safe thread
2023-09-08 14:32:27 INFO  base.SetupDriver.setupDriver(SetupDriver.java:46):46 - start firefox browser and add it to safe thread
2023-09-08 14:32:28 INFO  pageObjects.HomePage.navigation(HomePage.java:138):138 - navigate to website
2023-09-08 14:32:28 INFO  pageObjects.HomePage.clicking_tablets_link(HomePage.java:179):179 - clicking tablets link
2023-09-08 14:32:28 INFO  pageObjects.Inventory.clicking_products_title(Inventory.java:171):171 - click product title
2023-09-08 14:32:29 INFO  pageObjects.ProductInternalPage.clicking_add_to_cart(ProductInternalPage.java:53):53 - click on add to cart
]]></system-out>
  </testcase>
  <testcase name="product_add_to_cart" classname="tests.InternalProductPageTests" time="2.982">
    <system-out><![CDATA[2023-09-08 14:33:50 INFO  base.SetupDriver.closeBrowser(SetupDriver.java:73):73 - close browser and remove the safe thread
2023-09-08 14:33:51 INFO  base.SetupDriver.setupDriver(SetupDriver.java:56):56 - start edge browser and add it to safe thread
2023-09-08 14:33:52 INFO  pageObjects.HomePage.navigation(HomePage.java:138):138 - navigate to website
2023-09-08 14:33:53 INFO  pageObjects.HomePage.clicking_tablets_link(HomePage.java:179):179 - clicking tablets link
2023-09-08 14:33:53 INFO  pageObjects.Inventory.clicking_products_title(Inventory.java:171):171 - click product title
2023-09-08 14:33:54 INFO  pageObjects.ProductInternalPage.clicking_add_to_cart(ProductInternalPage.java:53):53 - click on add to cart
]]></system-out>
    <system-err><![CDATA[Sep 08, 2023 2:33:51 PM org.openqa.selenium.devtools.CdpVersionFinder findNearestMatch
WARNING: Unable to find an exact match for CDP version 116, so returning the closest version found: 115
]]></system-err>
  </testcase>
  <testcase name="product_write_review" classname="tests.InternalProductPageTests" time="2.993">
    <system-out><![CDATA[2023-09-08 14:31:27 INFO  base.SetupDriver.closeBrowser(SetupDriver.java:73):73 - close browser and remove the safe thread
2023-09-08 14:31:27 INFO  base.SetupDriver.setupDriver(SetupDriver.java:40):40 - start chrome browser and add it to safe thread
2023-09-08 14:31:29 INFO  pageObjects.HomePage.navigation(HomePage.java:138):138 - navigate to website
2023-09-08 14:31:29 INFO  pageObjects.HomePage.clicking_tablets_link(HomePage.java:179):179 - clicking tablets link
2023-09-08 14:31:30 INFO  pageObjects.Inventory.clicking_products_title(Inventory.java:171):171 - click product title
2023-09-08 14:31:30 INFO  pageObjects.ProductInternalPage.clicking_reviews(ProductInternalPage.java:74):74 - click on reviews tab
2023-09-08 14:31:30 INFO  pageObjects.ProductInternalPage.typing_name(ProductInternalPage.java:97):97 - typing name: salah
2023-09-08 14:31:30 INFO  pageObjects.ProductInternalPage.typing_review(ProductInternalPage.java:92):92 - typing review: good products
2023-09-08 14:31:30 INFO  pageObjects.ProductInternalPage.clicking_rating_circle(ProductInternalPage.java:113):113 - select rating circle
2023-09-08 14:31:30 INFO  pageObjects.ProductInternalPage.clicking_continue_review(ProductInternalPage.java:80):80 - click on continue reviews 
]]></system-out>
    <system-err><![CDATA[Sep 08, 2023 2:31:27 PM org.openqa.selenium.devtools.CdpVersionFinder findNearestMatch
WARNING: Unable to find an exact match for CDP version 116, so returning the closest version found: 115
]]></system-err>
  </testcase>
  <testcase name="product_write_review" classname="tests.InternalProductPageTests" time="3.58">
    <system-out><![CDATA[2023-09-08 14:32:30 INFO  base.SetupDriver.closeBrowser(SetupDriver.java:73):73 - close browser and remove the safe thread
2023-09-08 14:32:32 INFO  base.SetupDriver.setupDriver(SetupDriver.java:46):46 - start firefox browser and add it to safe thread
2023-09-08 14:32:34 INFO  pageObjects.HomePage.navigation(HomePage.java:138):138 - navigate to website
2023-09-08 14:32:34 INFO  pageObjects.HomePage.clicking_tablets_link(HomePage.java:179):179 - clicking tablets link
2023-09-08 14:32:34 INFO  pageObjects.Inventory.clicking_products_title(Inventory.java:171):171 - click product title
2023-09-08 14:32:35 INFO  pageObjects.ProductInternalPage.clicking_reviews(ProductInternalPage.java:74):74 - click on reviews tab
2023-09-08 14:32:36 INFO  pageObjects.ProductInternalPage.typing_name(ProductInternalPage.java:97):97 - typing name: salah
2023-09-08 14:32:36 INFO  pageObjects.ProductInternalPage.typing_review(ProductInternalPage.java:92):92 - typing review: good products
2023-09-08 14:32:36 INFO  pageObjects.ProductInternalPage.clicking_rating_circle(ProductInternalPage.java:113):113 - select rating circle
2023-09-08 14:32:36 INFO  pageObjects.ProductInternalPage.clicking_continue_review(ProductInternalPage.java:80):80 - click on continue reviews 
]]></system-out>
  </testcase>
  <testcase name="product_write_review" classname="tests.InternalProductPageTests" time="3.793">
    <system-out><![CDATA[2023-09-08 14:33:54 INFO  base.SetupDriver.closeBrowser(SetupDriver.java:73):73 - close browser and remove the safe thread
2023-09-08 14:33:54 INFO  base.SetupDriver.setupDriver(SetupDriver.java:56):56 - start edge browser and add it to safe thread
2023-09-08 14:33:56 INFO  pageObjects.HomePage.navigation(HomePage.java:138):138 - navigate to website
2023-09-08 14:33:57 INFO  pageObjects.HomePage.clicking_tablets_link(HomePage.java:179):179 - clicking tablets link
2023-09-08 14:33:57 INFO  pageObjects.Inventory.clicking_products_title(Inventory.java:171):171 - click product title
2023-09-08 14:33:57 INFO  pageObjects.ProductInternalPage.clicking_reviews(ProductInternalPage.java:74):74 - click on reviews tab
2023-09-08 14:33:58 INFO  pageObjects.ProductInternalPage.typing_name(ProductInternalPage.java:97):97 - typing name: salah
2023-09-08 14:33:58 INFO  pageObjects.ProductInternalPage.typing_review(ProductInternalPage.java:92):92 - typing review: good products
2023-09-08 14:33:58 INFO  pageObjects.ProductInternalPage.clicking_rating_circle(ProductInternalPage.java:113):113 - select rating circle
2023-09-08 14:33:58 INFO  pageObjects.ProductInternalPage.clicking_continue_review(ProductInternalPage.java:80):80 - click on continue reviews 
]]></system-out>
    <system-err><![CDATA[Sep 08, 2023 2:33:54 PM org.openqa.selenium.devtools.CdpVersionFinder findNearestMatch
WARNING: Unable to find an exact match for CDP version 116, so returning the closest version found: 115
]]></system-err>
  </testcase>
  <testcase name="check_about_us_link" classname="tests.FooterTests" time="1.505">
    <system-out><![CDATA[2023-09-08 14:31:31 INFO  base.SetupDriver.closeBrowser(SetupDriver.java:73):73 - close browser and remove the safe thread
2023-09-08 14:31:31 INFO  base.SetupDriver.setupDriver(SetupDriver.java:40):40 - start chrome browser and add it to safe thread
2023-09-08 14:31:32 INFO  pageObjects.HomePage.navigation(HomePage.java:138):138 - navigate to website
2023-09-08 14:31:33 INFO  pageObjects.FooterPage.clicking_about_us(FooterPage.java:32):32 - clicking about us from footer links
]]></system-out>
    <system-err><![CDATA[Sep 08, 2023 2:31:31 PM org.openqa.selenium.devtools.CdpVersionFinder findNearestMatch
WARNING: Unable to find an exact match for CDP version 116, so returning the closest version found: 115
]]></system-err>
  </testcase>
  <testcase name="check_about_us_link" classname="tests.FooterTests" time="1.241">
    <system-out><![CDATA[2023-09-08 14:32:37 INFO  base.SetupDriver.closeBrowser(SetupDriver.java:73):73 - close browser and remove the safe thread
2023-09-08 14:32:39 INFO  base.SetupDriver.setupDriver(SetupDriver.java:46):46 - start firefox browser and add it to safe thread
2023-09-08 14:32:40 INFO  pageObjects.HomePage.navigation(HomePage.java:138):138 - navigate to website
2023-09-08 14:32:40 INFO  pageObjects.FooterPage.clicking_about_us(FooterPage.java:32):32 - clicking about us from footer links
]]></system-out>
  </testcase>
  <testcase name="check_about_us_link" classname="tests.FooterTests" time="1.613">
    <system-out><![CDATA[2023-09-08 14:33:58 INFO  base.SetupDriver.closeBrowser(SetupDriver.java:73):73 - close browser and remove the safe thread
2023-09-08 14:33:59 INFO  base.SetupDriver.setupDriver(SetupDriver.java:56):56 - start edge browser and add it to safe thread
2023-09-08 14:34:00 INFO  pageObjects.HomePage.navigation(HomePage.java:138):138 - navigate to website
2023-09-08 14:34:00 INFO  pageObjects.FooterPage.clicking_about_us(FooterPage.java:32):32 - clicking about us from footer links
]]></system-out>
    <system-err><![CDATA[Sep 08, 2023 2:33:59 PM org.openqa.selenium.devtools.CdpVersionFinder findNearestMatch
WARNING: Unable to find an exact match for CDP version 116, so returning the closest version found: 115
]]></system-err>
  </testcase>
  <testcase name="check_avout_us_link" classname="tests.FooterTests" time="1.81">
    <system-out><![CDATA[2023-09-08 14:31:33 INFO  base.SetupDriver.closeBrowser(SetupDriver.java:73):73 - close browser and remove the safe thread
2023-09-08 14:31:33 INFO  base.SetupDriver.setupDriver(SetupDriver.java:40):40 - start chrome browser and add it to safe thread
2023-09-08 14:31:35 INFO  pageObjects.HomePage.navigation(HomePage.java:138):138 - navigate to website
2023-09-08 14:31:35 INFO  pageObjects.FooterPage.clicking_my_account(FooterPage.java:54):54 - clicking my account from footer links
]]></system-out>
    <system-err><![CDATA[Sep 08, 2023 2:31:33 PM org.openqa.selenium.devtools.CdpVersionFinder findNearestMatch
WARNING: Unable to find an exact match for CDP version 116, so returning the closest version found: 115
]]></system-err>
  </testcase>
  <testcase name="check_avout_us_link" classname="tests.FooterTests" time="1.657">
    <system-out><![CDATA[2023-09-08 14:32:41 INFO  base.SetupDriver.closeBrowser(SetupDriver.java:73):73 - close browser and remove the safe thread
2023-09-08 14:32:43 INFO  base.SetupDriver.setupDriver(SetupDriver.java:46):46 - start firefox browser and add it to safe thread
2023-09-08 14:32:44 INFO  pageObjects.HomePage.navigation(HomePage.java:138):138 - navigate to website
2023-09-08 14:32:44 INFO  pageObjects.FooterPage.clicking_my_account(FooterPage.java:54):54 - clicking my account from footer links
]]></system-out>
  </testcase>
  <testcase name="check_avout_us_link" classname="tests.FooterTests" time="1.849">
    <system-out><![CDATA[2023-09-08 14:34:01 INFO  base.SetupDriver.closeBrowser(SetupDriver.java:73):73 - close browser and remove the safe thread
2023-09-08 14:34:01 INFO  base.SetupDriver.setupDriver(SetupDriver.java:56):56 - start edge browser and add it to safe thread
2023-09-08 14:34:02 INFO  pageObjects.HomePage.navigation(HomePage.java:138):138 - navigate to website
2023-09-08 14:34:03 INFO  pageObjects.FooterPage.clicking_my_account(FooterPage.java:54):54 - clicking my account from footer links
]]></system-out>
    <system-err><![CDATA[Sep 08, 2023 2:34:01 PM org.openqa.selenium.devtools.CdpVersionFinder findNearestMatch
WARNING: Unable to find an exact match for CDP version 116, so returning the closest version found: 115
]]></system-err>
  </testcase>
  <testcase name="check_contact_us_link" classname="tests.FooterTests" time="1.333">
    <system-out><![CDATA[2023-09-08 14:31:35 INFO  base.SetupDriver.closeBrowser(SetupDriver.java:73):73 - close browser and remove the safe thread
2023-09-08 14:31:36 INFO  base.SetupDriver.setupDriver(SetupDriver.java:40):40 - start chrome browser and add it to safe thread
2023-09-08 14:31:37 INFO  pageObjects.HomePage.navigation(HomePage.java:138):138 - navigate to website
2023-09-08 14:31:37 INFO  pageObjects.FooterPage.clicking_contact_us(FooterPage.java:39):39 - clicking contact us from footer links
]]></system-out>
    <system-err><![CDATA[Sep 08, 2023 2:31:36 PM org.openqa.selenium.devtools.CdpVersionFinder findNearestMatch
WARNING: Unable to find an exact match for CDP version 116, so returning the closest version found: 115
]]></system-err>
  </testcase>
  <testcase name="check_contact_us_link" classname="tests.FooterTests" time="1.818">
    <system-out><![CDATA[2023-09-08 14:32:45 INFO  base.SetupDriver.closeBrowser(SetupDriver.java:73):73 - close browser and remove the safe thread
2023-09-08 14:32:48 INFO  base.SetupDriver.setupDriver(SetupDriver.java:46):46 - start firefox browser and add it to safe thread
2023-09-08 14:32:49 INFO  pageObjects.HomePage.navigation(HomePage.java:138):138 - navigate to website
2023-09-08 14:32:49 INFO  pageObjects.FooterPage.clicking_contact_us(FooterPage.java:39):39 - clicking contact us from footer links
]]></system-out>
  </testcase>
  <testcase name="check_contact_us_link" classname="tests.FooterTests" time="3.105">
    <system-out><![CDATA[2023-09-08 14:34:03 INFO  base.SetupDriver.closeBrowser(SetupDriver.java:73):73 - close browser and remove the safe thread
2023-09-08 14:34:04 INFO  base.SetupDriver.setupDriver(SetupDriver.java:56):56 - start edge browser and add it to safe thread
2023-09-08 14:34:06 INFO  pageObjects.HomePage.navigation(HomePage.java:138):138 - navigate to website
2023-09-08 14:34:07 INFO  pageObjects.FooterPage.clicking_contact_us(FooterPage.java:39):39 - clicking contact us from footer links
]]></system-out>
    <system-err><![CDATA[Sep 08, 2023 2:34:04 PM org.openqa.selenium.devtools.CdpVersionFinder findNearestMatch
WARNING: Unable to find an exact match for CDP version 116, so returning the closest version found: 115
]]></system-err>
  </testcase>
  <testcase name="send_message" classname="tests.ContactUsTests" time="2.367">
    <system-out><![CDATA[2023-09-08 14:31:37 INFO  base.SetupDriver.closeBrowser(SetupDriver.java:73):73 - close browser and remove the safe thread
2023-09-08 14:31:38 INFO  base.SetupDriver.setupDriver(SetupDriver.java:40):40 - start chrome browser and add it to safe thread
2023-09-08 14:31:39 INFO  pageObjects.HomePage.navigation(HomePage.java:138):138 - navigate to website
2023-09-08 14:31:40 INFO  pageObjects.NaviagationBar.clicking_contact_us(NaviagationBar.java:31):31 - click navigation bar contact us button
2023-09-08 14:31:40 INFO  pageObjects.ContactUsPage.type_name(ContactUsPage.java:26):26 - typing name in the name field:salah
2023-09-08 14:31:40 INFO  pageObjects.ContactUsPage.type_email(ContactUsPage.java:32):32 - typing email in the email field:hamada@5.com
2023-09-08 14:31:40 INFO  pageObjects.ContactUsPage.type_enquiry(ContactUsPage.java:39):39 - typing enquiry in the textarea field:ur products are shit
2023-09-08 14:31:40 INFO  pageObjects.ContactUsPage.clicking_submit_button(ContactUsPage.java:46):46 - clicking the submit burron
]]></system-out>
    <system-err><![CDATA[Sep 08, 2023 2:31:38 PM org.openqa.selenium.devtools.CdpVersionFinder findNearestMatch
WARNING: Unable to find an exact match for CDP version 116, so returning the closest version found: 115
]]></system-err>
  </testcase>
  <testcase name="send_message" classname="tests.ContactUsTests" time="2.509">
    <system-out><![CDATA[2023-09-08 14:32:50 INFO  base.SetupDriver.closeBrowser(SetupDriver.java:73):73 - close browser and remove the safe thread
2023-09-08 14:32:52 INFO  base.SetupDriver.setupDriver(SetupDriver.java:46):46 - start firefox browser and add it to safe thread
2023-09-08 14:32:53 INFO  pageObjects.HomePage.navigation(HomePage.java:138):138 - navigate to website
2023-09-08 14:32:53 INFO  pageObjects.NaviagationBar.clicking_contact_us(NaviagationBar.java:31):31 - click navigation bar contact us button
2023-09-08 14:32:54 INFO  pageObjects.ContactUsPage.type_name(ContactUsPage.java:26):26 - typing name in the name field:salah
2023-09-08 14:32:54 INFO  pageObjects.ContactUsPage.type_email(ContactUsPage.java:32):32 - typing email in the email field:hamada@5.com
2023-09-08 14:32:54 INFO  pageObjects.ContactUsPage.type_enquiry(ContactUsPage.java:39):39 - typing enquiry in the textarea field:ur products are shit
2023-09-08 14:32:54 INFO  pageObjects.ContactUsPage.clicking_submit_button(ContactUsPage.java:46):46 - clicking the submit burron
]]></system-out>
  </testcase>
  <testcase name="send_message" classname="tests.ContactUsTests" time="3.166">
    <system-out><![CDATA[2023-09-08 14:34:07 INFO  base.SetupDriver.closeBrowser(SetupDriver.java:73):73 - close browser and remove the safe thread
2023-09-08 14:34:08 INFO  base.SetupDriver.setupDriver(SetupDriver.java:56):56 - start edge browser and add it to safe thread
2023-09-08 14:34:09 INFO  pageObjects.HomePage.navigation(HomePage.java:138):138 - navigate to website
2023-09-08 14:34:10 INFO  pageObjects.NaviagationBar.clicking_contact_us(NaviagationBar.java:31):31 - click navigation bar contact us button
2023-09-08 14:34:10 INFO  pageObjects.ContactUsPage.type_name(ContactUsPage.java:26):26 - typing name in the name field:salah
2023-09-08 14:34:10 INFO  pageObjects.ContactUsPage.type_email(ContactUsPage.java:32):32 - typing email in the email field:hamada@5.com
2023-09-08 14:34:10 INFO  pageObjects.ContactUsPage.type_enquiry(ContactUsPage.java:39):39 - typing enquiry in the textarea field:ur products are shit
2023-09-08 14:34:10 INFO  pageObjects.ContactUsPage.clicking_submit_button(ContactUsPage.java:46):46 - clicking the submit burron
]]></system-out>
    <system-err><![CDATA[Sep 08, 2023 2:34:08 PM org.openqa.selenium.devtools.CdpVersionFinder findNearestMatch
WARNING: Unable to find an exact match for CDP version 116, so returning the closest version found: 115
]]></system-err>
  </testcase>
  <testcase name="wrong_info_contacting[, sh@sh.com, ur products are shit, Name must be between 3 and 32 characters!](1)" classname="tests.ContactUsTests" time="2.312">
    <system-out><![CDATA[2023-09-08 14:31:41 INFO  base.SetupDriver.closeBrowser(SetupDriver.java:73):73 - close browser and remove the safe thread
2023-09-08 14:31:41 INFO  base.SetupDriver.setupDriver(SetupDriver.java:40):40 - start chrome browser and add it to safe thread
2023-09-08 14:31:42 INFO  pageObjects.HomePage.navigation(HomePage.java:138):138 - navigate to website
2023-09-08 14:31:43 INFO  pageObjects.NaviagationBar.clicking_contact_us(NaviagationBar.java:31):31 - click navigation bar contact us button
2023-09-08 14:31:43 INFO  pageObjects.ContactUsPage.type_name(ContactUsPage.java:26):26 - typing name in the name field:
2023-09-08 14:31:43 INFO  pageObjects.ContactUsPage.type_email(ContactUsPage.java:32):32 - typing email in the email field:sh@sh.com
2023-09-08 14:31:43 INFO  pageObjects.ContactUsPage.type_enquiry(ContactUsPage.java:39):39 - typing enquiry in the textarea field:ur products are shit
2023-09-08 14:31:43 INFO  pageObjects.ContactUsPage.clicking_submit_button(ContactUsPage.java:46):46 - clicking the submit burron
]]></system-out>
    <system-err><![CDATA[Sep 08, 2023 2:31:41 PM org.openqa.selenium.devtools.CdpVersionFinder findNearestMatch
WARNING: Unable to find an exact match for CDP version 116, so returning the closest version found: 115
]]></system-err>
  </testcase>
  <testcase name="wrong_info_contacting[, sh@sh.com, ur products are shit, Name must be between 3 and 32 characters!](1)" classname="tests.ContactUsTests" time="2.397">
    <system-out><![CDATA[2023-09-08 14:32:55 INFO  base.SetupDriver.closeBrowser(SetupDriver.java:73):73 - close browser and remove the safe thread
2023-09-08 14:32:57 INFO  base.SetupDriver.setupDriver(SetupDriver.java:46):46 - start firefox browser and add it to safe thread
2023-09-08 14:32:58 INFO  pageObjects.HomePage.navigation(HomePage.java:138):138 - navigate to website
2023-09-08 14:32:58 INFO  pageObjects.NaviagationBar.clicking_contact_us(NaviagationBar.java:31):31 - click navigation bar contact us button
2023-09-08 14:32:59 INFO  pageObjects.ContactUsPage.type_name(ContactUsPage.java:26):26 - typing name in the name field:
2023-09-08 14:32:59 INFO  pageObjects.ContactUsPage.type_email(ContactUsPage.java:32):32 - typing email in the email field:sh@sh.com
2023-09-08 14:32:59 INFO  pageObjects.ContactUsPage.type_enquiry(ContactUsPage.java:39):39 - typing enquiry in the textarea field:ur products are shit
2023-09-08 14:32:59 INFO  pageObjects.ContactUsPage.clicking_submit_button(ContactUsPage.java:46):46 - clicking the submit burron
]]></system-out>
  </testcase>
  <testcase name="wrong_info_contacting[, sh@sh.com, ur products are shit, Name must be between 3 and 32 characters!](1)" classname="tests.ContactUsTests" time="3.355">
    <system-out><![CDATA[2023-09-08 14:34:11 INFO  base.SetupDriver.closeBrowser(SetupDriver.java:73):73 - close browser and remove the safe thread
2023-09-08 14:34:12 INFO  base.SetupDriver.setupDriver(SetupDriver.java:56):56 - start edge browser and add it to safe thread
2023-09-08 14:34:13 INFO  pageObjects.HomePage.navigation(HomePage.java:138):138 - navigate to website
2023-09-08 14:34:14 INFO  pageObjects.NaviagationBar.clicking_contact_us(NaviagationBar.java:31):31 - click navigation bar contact us button
2023-09-08 14:34:14 INFO  pageObjects.ContactUsPage.type_name(ContactUsPage.java:26):26 - typing name in the name field:
2023-09-08 14:34:14 INFO  pageObjects.ContactUsPage.type_email(ContactUsPage.java:32):32 - typing email in the email field:sh@sh.com
2023-09-08 14:34:15 INFO  pageObjects.ContactUsPage.type_enquiry(ContactUsPage.java:39):39 - typing enquiry in the textarea field:ur products are shit
2023-09-08 14:34:15 INFO  pageObjects.ContactUsPage.clicking_submit_button(ContactUsPage.java:46):46 - clicking the submit burron
]]></system-out>
    <system-err><![CDATA[Sep 08, 2023 2:34:12 PM org.openqa.selenium.devtools.CdpVersionFinder findNearestMatch
WARNING: Unable to find an exact match for CDP version 116, so returning the closest version found: 115
]]></system-err>
  </testcase>
  <testcase name="wrong_info_contacting[salah, , ur products are shit, E-Mail Address does not appear to be valid!](2)" classname="tests.ContactUsTests" time="2.842">
    <system-out><![CDATA[2023-09-08 14:31:44 INFO  base.SetupDriver.closeBrowser(SetupDriver.java:73):73 - close browser and remove the safe thread
2023-09-08 14:31:44 INFO  base.SetupDriver.setupDriver(SetupDriver.java:40):40 - start chrome browser and add it to safe thread
2023-09-08 14:31:46 INFO  pageObjects.HomePage.navigation(HomePage.java:138):138 - navigate to website
2023-09-08 14:31:46 INFO  pageObjects.NaviagationBar.clicking_contact_us(NaviagationBar.java:31):31 - click navigation bar contact us button
2023-09-08 14:31:47 INFO  pageObjects.ContactUsPage.type_name(ContactUsPage.java:26):26 - typing name in the name field:salah
2023-09-08 14:31:47 INFO  pageObjects.ContactUsPage.type_email(ContactUsPage.java:32):32 - typing email in the email field:
2023-09-08 14:31:47 INFO  pageObjects.ContactUsPage.type_enquiry(ContactUsPage.java:39):39 - typing enquiry in the textarea field:ur products are shit
2023-09-08 14:31:47 INFO  pageObjects.ContactUsPage.clicking_submit_button(ContactUsPage.java:46):46 - clicking the submit burron
]]></system-out>
    <system-err><![CDATA[Sep 08, 2023 2:31:44 PM org.openqa.selenium.devtools.CdpVersionFinder findNearestMatch
WARNING: Unable to find an exact match for CDP version 116, so returning the closest version found: 115
]]></system-err>
  </testcase>
  <testcase name="wrong_info_contacting[salah, , ur products are shit, E-Mail Address does not appear to be valid!](2)" classname="tests.ContactUsTests" time="2.473">
    <system-out><![CDATA[2023-09-08 14:33:00 INFO  base.SetupDriver.closeBrowser(SetupDriver.java:73):73 - close browser and remove the safe thread
2023-09-08 14:33:02 INFO  base.SetupDriver.setupDriver(SetupDriver.java:46):46 - start firefox browser and add it to safe thread
2023-09-08 14:33:04 INFO  pageObjects.HomePage.navigation(HomePage.java:138):138 - navigate to website
2023-09-08 14:33:04 INFO  pageObjects.NaviagationBar.clicking_contact_us(NaviagationBar.java:31):31 - click navigation bar contact us button
2023-09-08 14:33:04 INFO  pageObjects.ContactUsPage.type_name(ContactUsPage.java:26):26 - typing name in the name field:salah
2023-09-08 14:33:04 INFO  pageObjects.ContactUsPage.type_email(ContactUsPage.java:32):32 - typing email in the email field:
2023-09-08 14:33:04 INFO  pageObjects.ContactUsPage.type_enquiry(ContactUsPage.java:39):39 - typing enquiry in the textarea field:ur products are shit
2023-09-08 14:33:04 INFO  pageObjects.ContactUsPage.clicking_submit_button(ContactUsPage.java:46):46 - clicking the submit burron
]]></system-out>
  </testcase>
  <testcase name="wrong_info_contacting[salah, , ur products are shit, E-Mail Address does not appear to be valid!](2)" classname="tests.ContactUsTests" time="3.391">
    <system-out><![CDATA[2023-09-08 14:34:15 INFO  base.SetupDriver.closeBrowser(SetupDriver.java:73):73 - close browser and remove the safe thread
2023-09-08 14:34:16 INFO  base.SetupDriver.setupDriver(SetupDriver.java:56):56 - start edge browser and add it to safe thread
2023-09-08 14:34:17 INFO  pageObjects.HomePage.navigation(HomePage.java:138):138 - navigate to website
2023-09-08 14:34:19 INFO  pageObjects.NaviagationBar.clicking_contact_us(NaviagationBar.java:31):31 - click navigation bar contact us button
2023-09-08 14:34:19 INFO  pageObjects.ContactUsPage.type_name(ContactUsPage.java:26):26 - typing name in the name field:salah
2023-09-08 14:34:19 INFO  pageObjects.ContactUsPage.type_email(ContactUsPage.java:32):32 - typing email in the email field:
2023-09-08 14:34:19 INFO  pageObjects.ContactUsPage.type_enquiry(ContactUsPage.java:39):39 - typing enquiry in the textarea field:ur products are shit
2023-09-08 14:34:19 INFO  pageObjects.ContactUsPage.clicking_submit_button(ContactUsPage.java:46):46 - clicking the submit burron
]]></system-out>
    <system-err><![CDATA[Sep 08, 2023 2:34:16 PM org.openqa.selenium.devtools.CdpVersionFinder findNearestMatch
WARNING: Unable to find an exact match for CDP version 116, so returning the closest version found: 115
]]></system-err>
  </testcase>
  <testcase name="wrong_info_contacting[salah, sh@sh.com, , Enquiry must be between 10 and 3000 characters!](3)" classname="tests.ContactUsTests" time="2.355">
    <system-out><![CDATA[2023-09-08 14:31:47 INFO  base.SetupDriver.closeBrowser(SetupDriver.java:73):73 - close browser and remove the safe thread
2023-09-08 14:31:48 INFO  base.SetupDriver.setupDriver(SetupDriver.java:40):40 - start chrome browser and add it to safe thread
2023-09-08 14:31:49 INFO  pageObjects.HomePage.navigation(HomePage.java:138):138 - navigate to website
2023-09-08 14:31:50 INFO  pageObjects.NaviagationBar.clicking_contact_us(NaviagationBar.java:31):31 - click navigation bar contact us button
2023-09-08 14:31:50 INFO  pageObjects.ContactUsPage.type_name(ContactUsPage.java:26):26 - typing name in the name field:salah
2023-09-08 14:31:50 INFO  pageObjects.ContactUsPage.type_email(ContactUsPage.java:32):32 - typing email in the email field:sh@sh.com
2023-09-08 14:31:50 INFO  pageObjects.ContactUsPage.type_enquiry(ContactUsPage.java:39):39 - typing enquiry in the textarea field:
2023-09-08 14:31:50 INFO  pageObjects.ContactUsPage.clicking_submit_button(ContactUsPage.java:46):46 - clicking the submit burron
]]></system-out>
    <system-err><![CDATA[Sep 08, 2023 2:31:48 PM org.openqa.selenium.devtools.CdpVersionFinder findNearestMatch
WARNING: Unable to find an exact match for CDP version 116, so returning the closest version found: 115
]]></system-err>
  </testcase>
  <testcase name="wrong_info_contacting[salah, sh@sh.com, , Enquiry must be between 10 and 3000 characters!](3)" classname="tests.ContactUsTests" time="2.462">
    <system-out><![CDATA[2023-09-08 14:33:06 INFO  base.SetupDriver.closeBrowser(SetupDriver.java:73):73 - close browser and remove the safe thread
2023-09-08 14:33:08 INFO  base.SetupDriver.setupDriver(SetupDriver.java:46):46 - start firefox browser and add it to safe thread
2023-09-08 14:33:09 INFO  pageObjects.HomePage.navigation(HomePage.java:138):138 - navigate to website
2023-09-08 14:33:09 INFO  pageObjects.NaviagationBar.clicking_contact_us(NaviagationBar.java:31):31 - click navigation bar contact us button
2023-09-08 14:33:10 INFO  pageObjects.ContactUsPage.type_name(ContactUsPage.java:26):26 - typing name in the name field:salah
2023-09-08 14:33:10 INFO  pageObjects.ContactUsPage.type_email(ContactUsPage.java:32):32 - typing email in the email field:sh@sh.com
2023-09-08 14:33:10 INFO  pageObjects.ContactUsPage.type_enquiry(ContactUsPage.java:39):39 - typing enquiry in the textarea field:
2023-09-08 14:33:10 INFO  pageObjects.ContactUsPage.clicking_submit_button(ContactUsPage.java:46):46 - clicking the submit burron
]]></system-out>
  </testcase>
  <testcase name="wrong_info_contacting[salah, sh@sh.com, , Enquiry must be between 10 and 3000 characters!](3)" classname="tests.ContactUsTests" time="2.423">
    <system-out><![CDATA[2023-09-08 14:34:19 INFO  base.SetupDriver.closeBrowser(SetupDriver.java:73):73 - close browser and remove the safe thread
2023-09-08 14:34:20 INFO  base.SetupDriver.setupDriver(SetupDriver.java:56):56 - start edge browser and add it to safe thread
2023-09-08 14:34:21 INFO  pageObjects.HomePage.navigation(HomePage.java:138):138 - navigate to website
2023-09-08 14:34:22 INFO  pageObjects.NaviagationBar.clicking_contact_us(NaviagationBar.java:31):31 - click navigation bar contact us button
2023-09-08 14:34:22 INFO  pageObjects.ContactUsPage.type_name(ContactUsPage.java:26):26 - typing name in the name field:salah
2023-09-08 14:34:22 INFO  pageObjects.ContactUsPage.type_email(ContactUsPage.java:32):32 - typing email in the email field:sh@sh.com
2023-09-08 14:34:22 INFO  pageObjects.ContactUsPage.type_enquiry(ContactUsPage.java:39):39 - typing enquiry in the textarea field:
2023-09-08 14:34:22 INFO  pageObjects.ContactUsPage.clicking_submit_button(ContactUsPage.java:46):46 - clicking the submit burron
]]></system-out>
    <system-err><![CDATA[Sep 08, 2023 2:34:20 PM org.openqa.selenium.devtools.CdpVersionFinder findNearestMatch
WARNING: Unable to find an exact match for CDP version 116, so returning the closest version found: 115
]]></system-err>
  </testcase>
  <testcase name="checkin_limit_functionality" classname="tests.InventoryTests" time="2.063">
    <system-out><![CDATA[2023-09-08 14:31:50 INFO  base.SetupDriver.closeBrowser(SetupDriver.java:73):73 - close browser and remove the safe thread
2023-09-08 14:31:51 INFO  base.SetupDriver.setupDriver(SetupDriver.java:40):40 - start chrome browser and add it to safe thread
2023-09-08 14:31:52 INFO  pageObjects.HomePage.navigation(HomePage.java:138):138 - navigate to website
2023-09-08 14:31:53 INFO  pageObjects.HomePage.clicking_tablets_link(HomePage.java:179):179 - clicking tablets link
2023-09-08 14:31:53 INFO  pageObjects.Inventory.limit_page(Inventory.java:86):86 - limit page 
]]></system-out>
    <system-err><![CDATA[Sep 08, 2023 2:31:51 PM org.openqa.selenium.devtools.CdpVersionFinder findNearestMatch
WARNING: Unable to find an exact match for CDP version 116, so returning the closest version found: 115
]]></system-err>
  </testcase>
  <testcase name="checkin_limit_functionality" classname="tests.InventoryTests" time="2.193">
    <system-out><![CDATA[2023-09-08 14:33:11 INFO  base.SetupDriver.closeBrowser(SetupDriver.java:73):73 - close browser and remove the safe thread
2023-09-08 14:33:13 INFO  base.SetupDriver.setupDriver(SetupDriver.java:46):46 - start firefox browser and add it to safe thread
2023-09-08 14:33:14 INFO  pageObjects.HomePage.navigation(HomePage.java:138):138 - navigate to website
2023-09-08 14:33:14 INFO  pageObjects.HomePage.clicking_tablets_link(HomePage.java:179):179 - clicking tablets link
2023-09-08 14:33:15 INFO  pageObjects.Inventory.limit_page(Inventory.java:86):86 - limit page 
]]></system-out>
  </testcase>
  <testcase name="checkin_limit_functionality" classname="tests.InventoryTests" time="2.925">
    <system-out><![CDATA[2023-09-08 14:34:23 INFO  base.SetupDriver.closeBrowser(SetupDriver.java:73):73 - close browser and remove the safe thread
2023-09-08 14:34:23 INFO  base.SetupDriver.setupDriver(SetupDriver.java:56):56 - start edge browser and add it to safe thread
2023-09-08 14:34:24 INFO  pageObjects.HomePage.navigation(HomePage.java:138):138 - navigate to website
2023-09-08 14:34:26 INFO  pageObjects.HomePage.clicking_tablets_link(HomePage.java:179):179 - clicking tablets link
2023-09-08 14:34:26 INFO  pageObjects.Inventory.limit_page(Inventory.java:86):86 - limit page 
]]></system-out>
    <system-err><![CDATA[Sep 08, 2023 2:34:23 PM org.openqa.selenium.devtools.CdpVersionFinder findNearestMatch
WARNING: Unable to find an exact match for CDP version 116, so returning the closest version found: 115
]]></system-err>
  </testcase>
  <testcase name="checkin_sorting_functionality" classname="tests.InventoryTests" time="2.093">
    <system-out><![CDATA[2023-09-08 14:31:53 INFO  base.SetupDriver.closeBrowser(SetupDriver.java:73):73 - close browser and remove the safe thread
2023-09-08 14:31:54 INFO  base.SetupDriver.setupDriver(SetupDriver.java:40):40 - start chrome browser and add it to safe thread
2023-09-08 14:31:55 INFO  pageObjects.HomePage.navigation(HomePage.java:138):138 - navigate to website
2023-09-08 14:31:55 INFO  pageObjects.HomePage.clicking_tablets_link(HomePage.java:179):179 - clicking tablets link
2023-09-08 14:31:56 INFO  pageObjects.Inventory.clicking_sorting_options(Inventory.java:79):79 - filters products
]]></system-out>
    <system-err><![CDATA[Sep 08, 2023 2:31:54 PM org.openqa.selenium.devtools.CdpVersionFinder findNearestMatch
WARNING: Unable to find an exact match for CDP version 116, so returning the closest version found: 115
]]></system-err>
  </testcase>
  <testcase name="checkin_sorting_functionality" classname="tests.InventoryTests" time="2.102">
    <system-out><![CDATA[2023-09-08 14:33:16 INFO  base.SetupDriver.closeBrowser(SetupDriver.java:73):73 - close browser and remove the safe thread
2023-09-08 14:33:18 INFO  base.SetupDriver.setupDriver(SetupDriver.java:46):46 - start firefox browser and add it to safe thread
2023-09-08 14:33:19 INFO  pageObjects.HomePage.navigation(HomePage.java:138):138 - navigate to website
2023-09-08 14:33:19 INFO  pageObjects.HomePage.clicking_tablets_link(HomePage.java:179):179 - clicking tablets link
2023-09-08 14:33:20 INFO  pageObjects.Inventory.clicking_sorting_options(Inventory.java:79):79 - filters products
]]></system-out>
  </testcase>
  <testcase name="checkin_sorting_functionality" classname="tests.InventoryTests" time="2.996">
    <system-out><![CDATA[2023-09-08 14:34:26 INFO  base.SetupDriver.closeBrowser(SetupDriver.java:73):73 - close browser and remove the safe thread
2023-09-08 14:34:27 INFO  base.SetupDriver.setupDriver(SetupDriver.java:56):56 - start edge browser and add it to safe thread
2023-09-08 14:34:29 INFO  pageObjects.HomePage.navigation(HomePage.java:138):138 - navigate to website
2023-09-08 14:34:29 INFO  pageObjects.HomePage.clicking_tablets_link(HomePage.java:179):179 - clicking tablets link
2023-09-08 14:34:30 INFO  pageObjects.Inventory.clicking_sorting_options(Inventory.java:79):79 - filters products
]]></system-out>
    <system-err><![CDATA[Sep 08, 2023 2:34:27 PM org.openqa.selenium.devtools.CdpVersionFinder findNearestMatch
WARNING: Unable to find an exact match for CDP version 116, so returning the closest version found: 115
]]></system-err>
  </testcase>
  <testcase name="unsuccessful_login" classname="tests.LoginTests" time="1.699">
    <system-out><![CDATA[2023-09-08 14:31:56 INFO  base.SetupDriver.closeBrowser(SetupDriver.java:73):73 - close browser and remove the safe thread
2023-09-08 14:31:57 INFO  base.SetupDriver.setupDriver(SetupDriver.java:40):40 - start chrome browser and add it to safe thread
2023-09-08 14:31:58 INFO  pageObjects.HomePage.navigation(HomePage.java:138):138 - navigate to website
2023-09-08 14:31:58 INFO  pageObjects.NaviagationBar.clicking_my_account(NaviagationBar.java:66):66 - clicking on nav bar my account sub links
2023-09-08 14:31:58 INFO  pageObjects.NaviagationBar.clicking_login_sub_link(NaviagationBar.java:81):81 - clicking on nav bar login sub links
2023-09-08 14:31:58 INFO  pageObjects.LoginPage.typing_email(LoginPage.java:55):55 - typing email: hamad
2023-09-08 14:31:58 INFO  pageObjects.LoginPage.typing_password(LoginPage.java:61):61 - typing password: fff
2023-09-08 14:31:59 INFO  pageObjects.LoginPage.clicking_login_button(LoginPage.java:44):44 - click on login button
]]></system-out>
    <system-err><![CDATA[Sep 08, 2023 2:31:57 PM org.openqa.selenium.devtools.CdpVersionFinder findNearestMatch
WARNING: Unable to find an exact match for CDP version 116, so returning the closest version found: 115
]]></system-err>
  </testcase>
  <testcase name="unsuccessful_login" classname="tests.LoginTests" time="1.946">
    <system-out><![CDATA[2023-09-08 14:33:21 INFO  base.SetupDriver.closeBrowser(SetupDriver.java:73):73 - close browser and remove the safe thread
2023-09-08 14:33:23 INFO  base.SetupDriver.setupDriver(SetupDriver.java:46):46 - start firefox browser and add it to safe thread
2023-09-08 14:33:25 INFO  pageObjects.HomePage.navigation(HomePage.java:138):138 - navigate to website
2023-09-08 14:33:25 INFO  pageObjects.NaviagationBar.clicking_my_account(NaviagationBar.java:66):66 - clicking on nav bar my account sub links
2023-09-08 14:33:25 INFO  pageObjects.NaviagationBar.clicking_login_sub_link(NaviagationBar.java:81):81 - clicking on nav bar login sub links
2023-09-08 14:33:25 INFO  pageObjects.LoginPage.typing_email(LoginPage.java:55):55 - typing email: hamad
2023-09-08 14:33:25 INFO  pageObjects.LoginPage.typing_password(LoginPage.java:61):61 - typing password: fff
2023-09-08 14:33:25 INFO  pageObjects.LoginPage.clicking_login_button(LoginPage.java:44):44 - click on login button
]]></system-out>
  </testcase>
  <testcase name="unsuccessful_login" classname="tests.LoginTests" time="2.895">
    <system-out><![CDATA[2023-09-08 14:34:30 INFO  base.SetupDriver.closeBrowser(SetupDriver.java:73):73 - close browser and remove the safe thread
2023-09-08 14:34:31 INFO  base.SetupDriver.setupDriver(SetupDriver.java:56):56 - start edge browser and add it to safe thread
2023-09-08 14:34:32 INFO  pageObjects.HomePage.navigation(HomePage.java:138):138 - navigate to website
2023-09-08 14:34:32 INFO  pageObjects.NaviagationBar.clicking_my_account(NaviagationBar.java:66):66 - clicking on nav bar my account sub links
2023-09-08 14:34:34 INFO  pageObjects.NaviagationBar.clicking_login_sub_link(NaviagationBar.java:81):81 - clicking on nav bar login sub links
2023-09-08 14:34:34 INFO  pageObjects.LoginPage.typing_email(LoginPage.java:55):55 - typing email: hamad
2023-09-08 14:34:34 INFO  pageObjects.LoginPage.typing_password(LoginPage.java:61):61 - typing password: fff
2023-09-08 14:34:34 INFO  pageObjects.LoginPage.clicking_login_button(LoginPage.java:44):44 - click on login button
]]></system-out>
    <system-err><![CDATA[Sep 08, 2023 2:34:31 PM org.openqa.selenium.devtools.CdpVersionFinder findNearestMatch
WARNING: Unable to find an exact match for CDP version 116, so returning the closest version found: 115
]]></system-err>
  </testcase>
  <testcase name="successful_register" classname="tests.RegisterTests" time="2.59">
    <system-out><![CDATA[2023-09-08 14:31:59 INFO  base.SetupDriver.closeBrowser(SetupDriver.java:73):73 - close browser and remove the safe thread
2023-09-08 14:31:59 INFO  base.SetupDriver.setupDriver(SetupDriver.java:40):40 - start chrome browser and add it to safe thread
2023-09-08 14:32:00 INFO  pageObjects.HomePage.navigation(HomePage.java:138):138 - navigate to website
2023-09-08 14:32:00 INFO  pageObjects.NaviagationBar.clicking_my_account(NaviagationBar.java:66):66 - clicking on nav bar my account sub links
2023-09-08 14:32:01 INFO  pageObjects.NaviagationBar.clicking_register_sublink(NaviagationBar.java:73):73 - clicking on nav bar register sub links
2023-09-08 14:32:01 INFO  pageObjects.RegisterPage4.typing_first_name(RegisterPage4.java:28):28 - typing first name: sarag
2023-09-08 14:32:01 INFO  pageObjects.RegisterPage4.typing_last_name(RegisterPage4.java:36):36 - typing last name: saragBeh
2023-09-08 14:32:01 INFO  pageObjects.RegisterPage4.typing_email(RegisterPage4.java:45):45 - typing email: sa@sa.sa
2023-09-08 14:32:01 INFO  pageObjects.RegisterPage4.typing_password(RegisterPage4.java:53):53 - typing password: sa
2023-09-08 14:32:01 INFO  pageObjects.RegisterPage4.clicking_news_letter_no_button(RegisterPage4.java:69):69 - click on no news letter
2023-09-08 14:32:01 INFO  pageObjects.RegisterPage4.clicking_agree_terms(RegisterPage4.java:78):78 - click on agree terms
2023-09-08 14:32:01 INFO  pageObjects.RegisterPage4.clicking_send_button(RegisterPage4.java:88):88 - click on send button
]]></system-out>
    <system-err><![CDATA[Sep 08, 2023 2:31:59 PM org.openqa.selenium.devtools.CdpVersionFinder findNearestMatch
WARNING: Unable to find an exact match for CDP version 116, so returning the closest version found: 115
]]></system-err>
  </testcase>
  <testcase name="successful_register" classname="tests.RegisterTests" time="2.516">
    <system-out><![CDATA[2023-09-08 14:33:26 INFO  base.SetupDriver.closeBrowser(SetupDriver.java:73):73 - close browser and remove the safe thread
2023-09-08 14:33:28 INFO  base.SetupDriver.setupDriver(SetupDriver.java:46):46 - start firefox browser and add it to safe thread
2023-09-08 14:33:29 INFO  pageObjects.HomePage.navigation(HomePage.java:138):138 - navigate to website
2023-09-08 14:33:29 INFO  pageObjects.NaviagationBar.clicking_my_account(NaviagationBar.java:66):66 - clicking on nav bar my account sub links
2023-09-08 14:33:29 INFO  pageObjects.NaviagationBar.clicking_register_sublink(NaviagationBar.java:73):73 - clicking on nav bar register sub links
2023-09-08 14:33:30 INFO  pageObjects.RegisterPage4.typing_first_name(RegisterPage4.java:28):28 - typing first name: sarag
2023-09-08 14:33:30 INFO  pageObjects.RegisterPage4.typing_last_name(RegisterPage4.java:36):36 - typing last name: saragBeh
2023-09-08 14:33:30 INFO  pageObjects.RegisterPage4.typing_email(RegisterPage4.java:45):45 - typing email: sa@sa.sa
2023-09-08 14:33:30 INFO  pageObjects.RegisterPage4.typing_password(RegisterPage4.java:53):53 - typing password: sa
2023-09-08 14:33:30 INFO  pageObjects.RegisterPage4.clicking_news_letter_no_button(RegisterPage4.java:69):69 - click on no news letter
2023-09-08 14:33:30 INFO  pageObjects.RegisterPage4.clicking_agree_terms(RegisterPage4.java:78):78 - click on agree terms
2023-09-08 14:33:30 INFO  pageObjects.RegisterPage4.clicking_send_button(RegisterPage4.java:88):88 - click on send button
]]></system-out>
  </testcase>
  <testcase name="successful_register" classname="tests.RegisterTests" time="3.643">
    <system-out><![CDATA[2023-09-08 14:34:34 INFO  base.SetupDriver.closeBrowser(SetupDriver.java:73):73 - close browser and remove the safe thread
2023-09-08 14:34:34 INFO  base.SetupDriver.setupDriver(SetupDriver.java:56):56 - start edge browser and add it to safe thread
2023-09-08 14:34:36 INFO  pageObjects.HomePage.navigation(HomePage.java:138):138 - navigate to website
2023-09-08 14:34:36 INFO  pageObjects.NaviagationBar.clicking_my_account(NaviagationBar.java:66):66 - clicking on nav bar my account sub links
2023-09-08 14:34:37 INFO  pageObjects.NaviagationBar.clicking_register_sublink(NaviagationBar.java:73):73 - clicking on nav bar register sub links
2023-09-08 14:34:37 INFO  pageObjects.RegisterPage4.typing_first_name(RegisterPage4.java:28):28 - typing first name: sarag
2023-09-08 14:34:37 INFO  pageObjects.RegisterPage4.typing_last_name(RegisterPage4.java:36):36 - typing last name: saragBeh
2023-09-08 14:34:37 INFO  pageObjects.RegisterPage4.typing_email(RegisterPage4.java:45):45 - typing email: sa@sa.sa
2023-09-08 14:34:37 INFO  pageObjects.RegisterPage4.typing_password(RegisterPage4.java:53):53 - typing password: sa
2023-09-08 14:34:38 INFO  pageObjects.RegisterPage4.clicking_news_letter_no_button(RegisterPage4.java:69):69 - click on no news letter
2023-09-08 14:34:38 INFO  pageObjects.RegisterPage4.clicking_agree_terms(RegisterPage4.java:78):78 - click on agree terms
2023-09-08 14:34:38 INFO  pageObjects.RegisterPage4.clicking_send_button(RegisterPage4.java:88):88 - click on send button
]]></system-out>
    <system-err><![CDATA[Sep 08, 2023 2:34:34 PM org.openqa.selenium.devtools.CdpVersionFinder findNearestMatch
WARNING: Unable to find an exact match for CDP version 116, so returning the closest version found: 115
]]></system-err>
  </testcase>
  <testcase name="unsuccessful_register" classname="tests.RegisterTests" time="2.171">
    <system-out><![CDATA[2023-09-08 14:32:02 INFO  base.SetupDriver.closeBrowser(SetupDriver.java:73):73 - close browser and remove the safe thread
2023-09-08 14:32:03 INFO  base.SetupDriver.setupDriver(SetupDriver.java:40):40 - start chrome browser and add it to safe thread
2023-09-08 14:32:04 INFO  pageObjects.HomePage.navigation(HomePage.java:138):138 - navigate to website
2023-09-08 14:32:04 INFO  pageObjects.NaviagationBar.clicking_my_account(NaviagationBar.java:66):66 - clicking on nav bar my account sub links
2023-09-08 14:32:04 INFO  pageObjects.NaviagationBar.clicking_register_sublink(NaviagationBar.java:73):73 - clicking on nav bar register sub links
2023-09-08 14:32:04 INFO  pageObjects.RegisterPage4.typing_first_name(RegisterPage4.java:28):28 - typing first name: sarag
2023-09-08 14:32:04 INFO  pageObjects.RegisterPage4.typing_last_name(RegisterPage4.java:36):36 - typing last name: saragBeh
2023-09-08 14:32:05 INFO  pageObjects.RegisterPage4.typing_email(RegisterPage4.java:45):45 - typing email: sa
2023-09-08 14:32:05 INFO  pageObjects.RegisterPage4.typing_password(RegisterPage4.java:53):53 - typing password: sa
2023-09-08 14:32:05 INFO  pageObjects.RegisterPage4.clicking_news_letter_no_button(RegisterPage4.java:69):69 - click on no news letter
2023-09-08 14:32:05 INFO  pageObjects.RegisterPage4.clicking_agree_terms(RegisterPage4.java:78):78 - click on agree terms
2023-09-08 14:32:05 INFO  pageObjects.RegisterPage4.clicking_send_button(RegisterPage4.java:88):88 - click on send button
]]></system-out>
    <system-err><![CDATA[Sep 08, 2023 2:32:03 PM org.openqa.selenium.devtools.CdpVersionFinder findNearestMatch
WARNING: Unable to find an exact match for CDP version 116, so returning the closest version found: 115
]]></system-err>
  </testcase>
  <testcase name="unsuccessful_register" classname="tests.RegisterTests" time="2.552">
    <system-out><![CDATA[2023-09-08 14:33:31 INFO  base.SetupDriver.closeBrowser(SetupDriver.java:73):73 - close browser and remove the safe thread
2023-09-08 14:33:33 INFO  base.SetupDriver.setupDriver(SetupDriver.java:46):46 - start firefox browser and add it to safe thread
2023-09-08 14:33:34 INFO  pageObjects.HomePage.navigation(HomePage.java:138):138 - navigate to website
2023-09-08 14:33:34 INFO  pageObjects.NaviagationBar.clicking_my_account(NaviagationBar.java:66):66 - clicking on nav bar my account sub links
2023-09-08 14:33:34 INFO  pageObjects.NaviagationBar.clicking_register_sublink(NaviagationBar.java:73):73 - clicking on nav bar register sub links
2023-09-08 14:33:35 INFO  pageObjects.RegisterPage4.typing_first_name(RegisterPage4.java:28):28 - typing first name: sarag
2023-09-08 14:33:35 INFO  pageObjects.RegisterPage4.typing_last_name(RegisterPage4.java:36):36 - typing last name: saragBeh
2023-09-08 14:33:35 INFO  pageObjects.RegisterPage4.typing_email(RegisterPage4.java:45):45 - typing email: sa
2023-09-08 14:33:35 INFO  pageObjects.RegisterPage4.typing_password(RegisterPage4.java:53):53 - typing password: sa
2023-09-08 14:33:36 INFO  pageObjects.RegisterPage4.clicking_news_letter_no_button(RegisterPage4.java:69):69 - click on no news letter
2023-09-08 14:33:36 INFO  pageObjects.RegisterPage4.clicking_agree_terms(RegisterPage4.java:78):78 - click on agree terms
2023-09-08 14:33:36 INFO  pageObjects.RegisterPage4.clicking_send_button(RegisterPage4.java:88):88 - click on send button
]]></system-out>
  </testcase>
  <testcase name="unsuccessful_register" classname="tests.RegisterTests" time="2.82">
    <system-out><![CDATA[2023-09-08 14:34:38 INFO  base.SetupDriver.closeBrowser(SetupDriver.java:73):73 - close browser and remove the safe thread
2023-09-08 14:34:39 INFO  base.SetupDriver.setupDriver(SetupDriver.java:56):56 - start edge browser and add it to safe thread
2023-09-08 14:34:40 INFO  pageObjects.HomePage.navigation(HomePage.java:138):138 - navigate to website
2023-09-08 14:34:40 INFO  pageObjects.NaviagationBar.clicking_my_account(NaviagationBar.java:66):66 - clicking on nav bar my account sub links
2023-09-08 14:34:41 INFO  pageObjects.NaviagationBar.clicking_register_sublink(NaviagationBar.java:73):73 - clicking on nav bar register sub links
2023-09-08 14:34:41 INFO  pageObjects.RegisterPage4.typing_first_name(RegisterPage4.java:28):28 - typing first name: sarag
2023-09-08 14:34:41 INFO  pageObjects.RegisterPage4.typing_last_name(RegisterPage4.java:36):36 - typing last name: saragBeh
2023-09-08 14:34:42 INFO  pageObjects.RegisterPage4.typing_email(RegisterPage4.java:45):45 - typing email: sa
2023-09-08 14:34:42 INFO  pageObjects.RegisterPage4.typing_password(RegisterPage4.java:53):53 - typing password: sa
2023-09-08 14:34:42 INFO  pageObjects.RegisterPage4.clicking_news_letter_no_button(RegisterPage4.java:69):69 - click on no news letter
2023-09-08 14:34:42 INFO  pageObjects.RegisterPage4.clicking_agree_terms(RegisterPage4.java:78):78 - click on agree terms
2023-09-08 14:34:42 INFO  pageObjects.RegisterPage4.clicking_send_button(RegisterPage4.java:88):88 - click on send button
]]></system-out>
    <system-err><![CDATA[Sep 08, 2023 2:34:39 PM org.openqa.selenium.devtools.CdpVersionFinder findNearestMatch
WARNING: Unable to find an exact match for CDP version 116, so returning the closest version found: 115
]]></system-err>
  </testcase>
</testsuite>