<?xml version="1.0" encoding="UTF-8"?>
<!-- Generated by org.testng.reporters.JUnitReportReporter -->
<testsuite hostname="DESKTOP-LJUN8GS" failures="0" tests="9" name="tests.FooterTests" time="34.558" errors="0" timestamp="2023-09-07T18:46:16 EET" skipped="0">
  <testcase classname="tests.FooterTests" name="check_avout_us_link" time="2.270"/>
  <system-out/>
  <testcase classname="tests.FooterTests" name="check_about_us_link" time="2.234"/>
  <system-out/>
  <testcase classname="tests.FooterTests" name="check_contact_us_link" time="2.155"/>
  <system-out/>
  <testcase classname="tests.FooterTests" name="check_about_us_link" time="3.841"/>
  <system-out/>
  <testcase classname="tests.FooterTests" name="check_contact_us_link" time="4.693"/>
  <system-out/>
  <testcase classname="tests.FooterTests" name="check_contact_us_link" time="6.681"/>
  <system-out/>
  <testcase classname="tests.FooterTests" name="check_avout_us_link" time="4.565"/>
  <system-out/>
  <testcase classname="tests.FooterTests" name="check_avout_us_link" time="4.279"/>
  <system-out/>
  <testcase classname="tests.FooterTests" name="check_about_us_link" time="3.840"/>
  <system-out/>
</testsuite> <!-- tests.FooterTests -->
