<?xml version="1.0" encoding="UTF-8"?>
<!-- Generated by org.testng.reporters.JUnitReportReporter -->
<testsuite hostname="DESKTOP-LJUN8GS" failures="0" tests="9" name="tests.HomePageTests" time="40.495" errors="0" timestamp="2023-09-07T18:46:16 EET" skipped="0">
  <testcase classname="tests.HomePageTests" name="checking_desktops_sublink" time="9.698"/>
  <system-out/>
  <testcase classname="tests.HomePageTests" name="checking_tablets_link" time="2.281"/>
  <system-out/>
  <testcase classname="tests.HomePageTests" name="checking_tablets_link" time="4.181"/>
  <system-out/>
  <testcase classname="tests.HomePageTests" name="checking_desktops_sublink" time="4.338"/>
  <system-out/>
  <testcase classname="tests.HomePageTests" name="checking_next_page_aarow" time="4.580"/>
  <system-out/>
  <testcase classname="tests.HomePageTests" name="checking_tablets_link" time="4.702"/>
  <system-out/>
  <testcase classname="tests.HomePageTests" name="checking_next_page_aarow" time="3.782"/>
  <system-out/>
  <testcase classname="tests.HomePageTests" name="checking_desktops_sublink" time="2.680"/>
  <system-out/>
  <testcase classname="tests.HomePageTests" name="checking_next_page_aarow" time="4.253"/>
  <system-out/>
</testsuite> <!-- tests.HomePageTests -->
