<?xml version="1.0" encoding="UTF-8"?>
<!-- Generated by org.testng.reporters.JUnitReportReporter -->
<testsuite hostname="DESKTOP-LJUN8GS" failures="0" tests="3" name="tests.SideMenuTests" time="24.489" errors="0" timestamp="2023-09-04T18:04:56 EET" skipped="0">
  <testcase classname="tests.SideMenuTests" name="clickingInfoLink" time="9.428"/>
  <system-out/>
  <testcase classname="tests.SideMenuTests" name="clickingPIMLink" time="7.188"/>
  <system-out/>
  <testcase classname="tests.SideMenuTests" name="clickingAdminink" time="7.873"/>
  <system-out/>
</testsuite> <!-- tests.SideMenuTests -->
