<?xml version="1.0" encoding="UTF-8"?>
<!-- Generated by org.testng.reporters.JUnitReportReporter -->
<testsuite hostname="DESKTOP-LJUN8GS" failures="0" tests="3" name="tests.LoginTests" time="17.036" errors="0" timestamp="2023-09-07T18:46:16 EET" skipped="0">
  <testcase classname="tests.LoginTests" name="unsuccessful_login" time="9.547"/>
  <system-out/>
  <testcase classname="tests.LoginTests" name="unsuccessful_login" time="4.649"/>
  <system-out/>
  <testcase classname="tests.LoginTests" name="unsuccessful_login" time="2.840"/>
  <system-out/>
</testsuite> <!-- tests.LoginTests -->
