<?xml version="1.0" encoding="UTF-8"?>
<!-- Generated by org.testng.reporters.JUnitReportReporter -->
<testsuite hostname="DESKTOP-LJUN8GS" failures="0" tests="2" name="tests.DashBoardTests" time="22.614" errors="0" timestamp="2023-09-04T18:04:56 EET" skipped="0">
  <testcase classname="tests.DashBoardTests" name="clickingLeaveList" time="12.356"/>
  <system-out/>
  <testcase classname="tests.DashBoardTests" name="clickingAssignLeave" time="10.258"/>
  <system-out/>
</testsuite> <!-- tests.DashBoardTests -->
