<?xml version="1.0" encoding="UTF-8"?>
<!-- Generated by org.testng.reporters.JUnitReportReporter -->
<testsuite hostname="DESKTOP-LJUN8GS" failures="0" tests="6" name="tests.RegisterTests" time="26.834" errors="0" timestamp="2023-09-07T18:46:16 EET" skipped="0">
  <testcase classname="tests.RegisterTests" name="successful_register" time="3.208"/>
  <system-out/>
  <testcase classname="tests.RegisterTests" name="unsuccessful_register" time="4.469"/>
  <system-out/>
  <testcase classname="tests.RegisterTests" name="successful_register" time="6.772"/>
  <system-out/>
  <testcase classname="tests.RegisterTests" name="unsuccessful_register" time="4.507"/>
  <system-out/>
  <testcase classname="tests.RegisterTests" name="unsuccessful_register" time="2.729"/>
  <system-out/>
  <testcase classname="tests.RegisterTests" name="successful_register" time="5.149"/>
  <system-out/>
</testsuite> <!-- tests.RegisterTests -->
