<?xml version="1.0" encoding="UTF-8"?>
<!-- Generated by org.testng.reporters.JUnitReportReporter -->
<testsuite hostname="DESKTOP-LJUN8GS" failures="0" tests="9" name="tests.InternalProductPageTests" time="45.081" errors="0" timestamp="2023-09-07T18:46:16 EET" skipped="0">
  <testcase classname="tests.InternalProductPageTests" name="product_write_review" time="8.328"/>
  <system-out/>
  <testcase classname="tests.InternalProductPageTests" name="product_write_review" time="5.559"/>
  <system-out/>
  <testcase classname="tests.InternalProductPageTests" name="product_add_to_cart" time="2.727"/>
  <system-out/>
  <testcase classname="tests.InternalProductPageTests" name="product_write_review" time="3.598"/>
  <system-out/>
  <testcase classname="tests.InternalProductPageTests" name="product_add_to_cart" time="6.304"/>
  <system-out/>
  <testcase classname="tests.InternalProductPageTests" name="product_add_to_cart" time="4.934"/>
  <system-out/>
  <testcase classname="tests.InternalProductPageTests" name="change_quantity" time="5.727"/>
  <system-out/>
  <testcase classname="tests.InternalProductPageTests" name="change_quantity" time="5.163"/>
  <system-out/>
  <testcase classname="tests.InternalProductPageTests" name="change_quantity" time="2.741"/>
  <system-out/>
</testsuite> <!-- tests.InternalProductPageTests -->
