<?xml version="1.0" encoding="UTF-8"?>
<!-- Generated by org.testng.reporters.JUnitReportReporter -->
<testsuite hostname="DESKTOP-LJUN8GS" failures="0" tests="1" name="tests.g" time="13.685" errors="0" timestamp="2023-08-29T19:25:34 EET" skipped="0">
  <testcase classname="tests.g" name="nav" time="13.685"/>
  <system-out/>
</testsuite> <!-- tests.g -->
