<?xml version="1.0" encoding="UTF-8"?>
<!-- Generated by org.testng.reporters.JUnitReportReporter -->
<testsuite hostname="DESKTOP-LJUN8GS" failures="0" tests="6" name="tests.InventoryTests" time="27.035" errors="0" timestamp="2023-09-07T18:46:16 EET" skipped="0">
  <testcase classname="tests.InventoryTests" name="checkin_limit_functionality" time="4.946"/>
  <system-out/>
  <testcase classname="tests.InventoryTests" name="checkin_limit_functionality" time="2.556"/>
  <system-out/>
  <testcase classname="tests.InventoryTests" name="checkin_sorting_functionality" time="6.126"/>
  <system-out/>
  <testcase classname="tests.InventoryTests" name="checkin_sorting_functionality" time="4.603"/>
  <system-out/>
  <testcase classname="tests.InventoryTests" name="checkin_limit_functionality" time="5.897"/>
  <system-out/>
  <testcase classname="tests.InventoryTests" name="checkin_sorting_functionality" time="2.907"/>
  <system-out/>
</testsuite> <!-- tests.InventoryTests -->
