<?xml version="1.0" encoding="UTF-8"?>
<!-- Generated by org.testng.reporters.JUnitReportReporter -->
<testsuite hostname="DESKTOP-LJUN8GS" failures="0" tests="12" name="tests.ContactUsTests" time="58.202" errors="0" timestamp="2023-09-07T18:46:16 EET" skipped="0">
  <testcase classname="tests.ContactUsTests" name="wrong_info_contacting" time="7.154"/>
  <system-out/>
  <testcase classname="tests.ContactUsTests" name="wrong_info_contacting" time="3.288"/>
  <system-out/>
  <testcase classname="tests.ContactUsTests" name="send_message" time="2.605"/>
  <system-out/>
  <testcase classname="tests.ContactUsTests" name="wrong_info_contacting" time="5.146"/>
  <system-out/>
  <testcase classname="tests.ContactUsTests" name="wrong_info_contacting" time="2.651"/>
  <system-out/>
  <testcase classname="tests.ContactUsTests" name="send_message" time="5.867"/>
  <system-out/>
  <testcase classname="tests.ContactUsTests" name="wrong_info_contacting" time="2.660"/>
  <system-out/>
  <testcase classname="tests.ContactUsTests" name="send_message" time="5.003"/>
  <system-out/>
  <testcase classname="tests.ContactUsTests" name="wrong_info_contacting" time="6.375"/>
  <system-out/>
  <testcase classname="tests.ContactUsTests" name="wrong_info_contacting" time="5.507"/>
  <system-out/>
  <testcase classname="tests.ContactUsTests" name="wrong_info_contacting" time="6.838"/>
  <system-out/>
  <testcase classname="tests.ContactUsTests" name="wrong_info_contacting" time="5.108"/>
  <system-out/>
</testsuite> <!-- tests.ContactUsTests -->
