<?xml version="1.0" encoding="UTF-8"?>
<!-- Generated by org.testng.reporters.JUnitReportReporter -->
<testsuite hostname="DESKTOP-LJUN8GS" failures="0" tests="9" name="tests.HomePageTests" time="34.954" errors="0" timestamp="2023-09-08T14:34:42 EET" skipped="0">
  <testcase classname="tests.HomePageTests" name="checking_tablets_link" time="2.420"/>
  <testcase classname="tests.HomePageTests" name="checking_desktops_sublink" time="4.231"/>
  <testcase classname="tests.HomePageTests" name="checking_next_page_aarow" time="4.498"/>
  <testcase classname="tests.HomePageTests" name="checking_tablets_link" time="4.735"/>
  <testcase classname="tests.HomePageTests" name="checking_tablets_link" time="3.015"/>
  <testcase classname="tests.HomePageTests" name="checking_desktops_sublink" time="5.240"/>
  <testcase classname="tests.HomePageTests" name="checking_next_page_aarow" time="2.599"/>
  <testcase classname="tests.HomePageTests" name="checking_desktops_sublink" time="5.819"/>
  <testcase classname="tests.HomePageTests" name="checking_next_page_aarow" time="2.397"/>
</testsuite> <!-- tests.HomePageTests -->
