<?xml version="1.0" encoding="UTF-8"?>
<!-- Generated by org.testng.reporters.JUnitReportReporter -->
<testsuite hostname="DESKTOP-LJUN8GS" failures="0" tests="3" name="tests.LoginTests" time="11.077" errors="0" timestamp="2023-09-08T14:34:42 EET" skipped="0">
  <testcase classname="tests.LoginTests" name="unsuccessful_login" time="3.683"/>
  <testcase classname="tests.LoginTests" name="unsuccessful_login" time="4.919"/>
  <testcase classname="tests.LoginTests" name="unsuccessful_login" time="2.475"/>
</testsuite> <!-- tests.LoginTests -->
