<?xml version="1.0" encoding="UTF-8"?>
<!-- Generated by org.testng.reporters.JUnitReportReporter -->
<testsuite hostname="DESKTOP-LJUN8GS" failures="0" tests="9" name="tests.FooterTests" time="29.194" errors="0" timestamp="2023-09-08T14:34:42 EET" skipped="0">
  <testcase classname="tests.FooterTests" name="check_contact_us_link" time="2.084"/>
  <testcase classname="tests.FooterTests" name="check_about_us_link" time="2.286"/>
  <testcase classname="tests.FooterTests" name="check_avout_us_link" time="4.676"/>
  <testcase classname="tests.FooterTests" name="check_about_us_link" time="4.035"/>
  <testcase classname="tests.FooterTests" name="check_avout_us_link" time="2.627"/>
  <testcase classname="tests.FooterTests" name="check_about_us_link" time="2.447"/>
  <testcase classname="tests.FooterTests" name="check_avout_us_link" time="2.541"/>
  <testcase classname="tests.FooterTests" name="check_contact_us_link" time="4.613"/>
  <testcase classname="tests.FooterTests" name="check_contact_us_link" time="3.885"/>
</testsuite> <!-- tests.FooterTests -->
