<?xml version="1.0" encoding="UTF-8"?>
<!-- Generated by org.testng.reporters.JUnitReportReporter -->
<testsuite hostname="DESKTOP-LJUN8GS" failures="0" tests="9" name="tests.InternalProductPageTests" time="40.137" errors="0" timestamp="2023-09-08T14:34:42 EET" skipped="0">
  <testcase classname="tests.InternalProductPageTests" name="change_quantity" time="3.294"/>
  <testcase classname="tests.InternalProductPageTests" name="product_add_to_cart" time="3.762"/>
  <testcase classname="tests.InternalProductPageTests" name="product_add_to_cart" time="3.414"/>
  <testcase classname="tests.InternalProductPageTests" name="product_write_review" time="6.469"/>
  <testcase classname="tests.InternalProductPageTests" name="change_quantity" time="3.923"/>
  <testcase classname="tests.InternalProductPageTests" name="product_add_to_cart" time="5.702"/>
  <testcase classname="tests.InternalProductPageTests" name="product_write_review" time="4.584"/>
  <testcase classname="tests.InternalProductPageTests" name="product_write_review" time="3.796"/>
  <testcase classname="tests.InternalProductPageTests" name="change_quantity" time="5.193"/>
</testsuite> <!-- tests.InternalProductPageTests -->
