<?xml version="1.0" encoding="UTF-8"?>
<!-- Generated by org.testng.reporters.JUnitReportReporter -->
<testsuite hostname="DESKTOP-LJUN8GS" failures="0" tests="12" name="tests.ContactUsTests" time="49.208" errors="0" timestamp="2023-09-08T14:34:42 EET" skipped="0">
  <testcase classname="tests.ContactUsTests" name="wrong_info_contacting" time="5.382"/>
  <testcase classname="tests.ContactUsTests" name="wrong_info_contacting" time="4.136"/>
  <testcase classname="tests.ContactUsTests" name="wrong_info_contacting" time="5.037"/>
  <testcase classname="tests.ContactUsTests" name="wrong_info_contacting" time="4.170"/>
  <testcase classname="tests.ContactUsTests" name="send_message" time="3.131"/>
  <testcase classname="tests.ContactUsTests" name="wrong_info_contacting" time="5.013"/>
  <testcase classname="tests.ContactUsTests" name="wrong_info_contacting" time="3.078"/>
  <testcase classname="tests.ContactUsTests" name="wrong_info_contacting" time="3.082"/>
  <testcase classname="tests.ContactUsTests" name="send_message" time="3.948"/>
  <testcase classname="tests.ContactUsTests" name="wrong_info_contacting" time="3.629"/>
  <testcase classname="tests.ContactUsTests" name="send_message" time="5.423"/>
  <testcase classname="tests.ContactUsTests" name="wrong_info_contacting" time="3.179"/>
</testsuite> <!-- tests.ContactUsTests -->
