<?xml version="1.0" encoding="UTF-8"?>
<!-- Generated by org.testng.reporters.JUnitReportReporter -->
<testsuite hostname="DESKTOP-LJUN8GS" failures="0" tests="6" name="tests.RegisterTests" time="24.581" errors="0" timestamp="2023-09-08T14:34:42 EET" skipped="0">
  <testcase classname="tests.RegisterTests" name="unsuccessful_register" time="2.888"/>
  <testcase classname="tests.RegisterTests" name="successful_register" time="4.423"/>
  <testcase classname="tests.RegisterTests" name="successful_register" time="5.201"/>
  <testcase classname="tests.RegisterTests" name="unsuccessful_register" time="5.157"/>
  <testcase classname="tests.RegisterTests" name="unsuccessful_register" time="3.592"/>
  <testcase classname="tests.RegisterTests" name="successful_register" time="3.320"/>
</testsuite> <!-- tests.RegisterTests -->
