<?xml version="1.0" encoding="UTF-8"?>
<!-- Generated by org.testng.reporters.JUnitReportReporter -->
<testsuite hostname="DESKTOP-LJUN8GS" failures="0" tests="6" name="tests.InventoryTests" time="23.320" errors="0" timestamp="2023-09-08T14:34:42 EET" skipped="0">
  <testcase classname="tests.InventoryTests" name="checkin_limit_functionality" time="2.870"/>
  <testcase classname="tests.InventoryTests" name="checkin_sorting_functionality" time="4.981"/>
  <testcase classname="tests.InventoryTests" name="checkin_limit_functionality" time="5.100"/>
  <testcase classname="tests.InventoryTests" name="checkin_sorting_functionality" time="2.874"/>
  <testcase classname="tests.InventoryTests" name="checkin_limit_functionality" time="3.707"/>
  <testcase classname="tests.InventoryTests" name="checkin_sorting_functionality" time="3.788"/>
</testsuite> <!-- tests.InventoryTests -->
